<?xml version="1.0" encoding="utf-8"?>
<CoverageSession xmlns:xsd="http://www.w3.org/2001/XMLSchema" xmlns:xsi="http://www.w3.org/2001/XMLSchema-instance" Version="4.7.922.0">
  <Summary numSequencePoints="149" visitedSequencePoints="118" numBranchPoints="91" visitedBranchPoints="75" sequenceCoverage="79.19" branchCoverage="82.42" maxCyclomaticComplexity="11" minCyclomaticComplexity="1" maxCrapScore="12" minCrapScore="1" visitedClasses="9" numClasses="14" visitedMethods="28" numMethods="37" />
  <Modules>
    <Module skippedDueTo="Filter" hash="BA-A1-94-4D-72-3E-EF-49-B2-32-E7-EE-9F-B3-FC-AD-62-1A-F8-91">
      <ModulePath>C:\Program Files\dotnet\shared\Microsoft.NETCore.App\3.1.1\System.Private.CoreLib.dll</ModulePath>
      <ModuleTime>2019-12-07T22:40:56Z</ModuleTime>
      <ModuleName>System.Private.CoreLib</ModuleName>
      <Classes />
    </Module>
    <Module skippedDueTo="MissingPdb" hash="63-C0-E7-F4-80-B3-11-B1-AB-7C-EF-FC-73-87-8F-86-CE-D6-69-5D">
      <ModulePath>C:\Program Files\dotnet\sdk\3.1.101\dotnet.dll</ModulePath>
      <ModuleTime>2019-12-20T04:32:30Z</ModuleTime>
      <ModuleName>dotnet</ModuleName>
      <Classes />
    </Module>
    <Module skippedDueTo="Filter" hash="7A-56-D1-54-BC-15-85-39-DA-17-17-FE-FB-38-15-4B-78-98-E5-80">
      <ModulePath>C:\Program Files\dotnet\shared\Microsoft.NETCore.App\3.1.1\System.Runtime.dll</ModulePath>
      <ModuleTime>2019-12-09T09:39:56Z</ModuleTime>
      <ModuleName>System.Runtime</ModuleName>
      <Classes />
    </Module>
    <Module skippedDueTo="MissingPdb" hash="26-25-9F-9F-94-FF-13-F9-02-9C-57-75-C2-05-6B-4C-E9-36-A0-DD">
      <ModulePath>C:\Program Files\dotnet\sdk\3.1.101\Microsoft.DotNet.Cli.Utils.dll</ModulePath>
      <ModuleTime>2019-12-20T04:32:32Z</ModuleTime>
      <ModuleName>Microsoft.DotNet.Cli.Utils</ModuleName>
      <Classes />
    </Module>
    <Module skippedDueTo="Filter" hash="58-49-87-1F-73-BC-F4-63-E6-DC-16-9A-68-00-73-51-18-DF-4D-63">
      <ModulePath>C:\Program Files\dotnet\shared\Microsoft.NETCore.App\3.1.1\System.Runtime.Extensions.dll</ModulePath>
      <ModuleTime>2019-12-09T09:40:00Z</ModuleTime>
      <ModuleName>System.Runtime.Extensions</ModuleName>
      <Classes />
    </Module>
    <Module skippedDueTo="Filter" hash="20-E4-29-5C-AD-EA-20-F7-EB-91-43-9A-0D-AC-E8-1B-3C-49-6C-40">
      <ModulePath>C:\Program Files\dotnet\shared\Microsoft.NETCore.App\3.1.1\System.Runtime.Loader.dll</ModulePath>
      <ModuleTime>2019-12-09T09:40:00Z</ModuleTime>
      <ModuleName>System.Runtime.Loader</ModuleName>
      <Classes />
    </Module>
    <Module skippedDueTo="MissingPdb" hash="C4-93-DE-A7-BF-47-C1-77-13-D8-6B-BC-03-6A-0C-BB-0A-39-99-F9">
      <ModulePath>C:\Program Files\dotnet\sdk\3.1.101\Microsoft.DotNet.PlatformAbstractions.dll</ModulePath>
      <ModuleTime>2019-12-20T04:32:38Z</ModuleTime>
      <ModuleName>Microsoft.DotNet.PlatformAbstractions</ModuleName>
      <Classes />
    </Module>
    <Module skippedDueTo="MissingPdb" hash="2C-30-02-8C-B1-A2-1B-A0-1A-27-A6-24-3D-61-D5-E6-96-9D-4C-D8">
      <ModulePath>C:\Program Files\dotnet\shared\Microsoft.NETCore.App\3.1.1\netstandard.dll</ModulePath>
      <ModuleTime>2019-12-09T09:39:56Z</ModuleTime>
      <ModuleName>netstandard</ModuleName>
      <Classes />
    </Module>
    <Module skippedDueTo="Filter" hash="CE-5F-A9-D3-D8-4F-06-37-AE-9B-FA-4F-E5-3E-1E-03-B4-77-86-78">
      <ModulePath>C:\Program Files\dotnet\shared\Microsoft.NETCore.App\3.1.1\System.Runtime.InteropServices.RuntimeInformation.dll</ModulePath>
      <ModuleTime>2019-12-09T09:39:58Z</ModuleTime>
      <ModuleName>System.Runtime.InteropServices.RuntimeInformation</ModuleName>
      <Classes />
    </Module>
    <Module skippedDueTo="Filter" hash="6F-7C-BF-2C-C9-E7-07-66-16-9B-21-61-19-B6-01-F5-33-81-C0-88">
      <ModulePath>C:\Program Files\dotnet\shared\Microsoft.NETCore.App\3.1.1\System.IO.FileSystem.dll</ModulePath>
      <ModuleTime>2019-12-09T09:40:06Z</ModuleTime>
      <ModuleName>System.IO.FileSystem</ModuleName>
      <Classes />
    </Module>
    <Module skippedDueTo="Filter" hash="54-E5-A6-FF-F6-8C-6A-7D-CE-D2-2A-BF-D5-6B-67-60-2D-88-A0-A6">
      <ModulePath>C:\Program Files\dotnet\shared\Microsoft.NETCore.App\3.1.1\System.Runtime.InteropServices.dll</ModulePath>
      <ModuleTime>2019-12-09T09:40:02Z</ModuleTime>
      <ModuleName>System.Runtime.InteropServices</ModuleName>
      <Classes />
    </Module>
    <Module skippedDueTo="Filter" hash="02-FD-78-B1-DD-78-9E-C7-C1-D1-B6-B0-23-9A-FB-A3-98-A6-F6-E5">
      <ModulePath>C:\Program Files\dotnet\shared\Microsoft.NETCore.App\3.1.1\System.Memory.dll</ModulePath>
      <ModuleTime>2019-12-09T09:40:08Z</ModuleTime>
      <ModuleName>System.Memory</ModuleName>
      <Classes />
    </Module>
    <Module skippedDueTo="Filter" hash="A8-3F-3B-0D-FE-3C-B9-36-6E-33-0B-C3-CA-EE-8E-8A-E1-10-2A-F2">
      <ModulePath>C:\Program Files\dotnet\shared\Microsoft.NETCore.App\3.1.1\System.Threading.dll</ModulePath>
      <ModuleTime>2019-12-09T09:40:12Z</ModuleTime>
      <ModuleName>System.Threading</ModuleName>
      <Classes />
    </Module>
    <Module skippedDueTo="Filter" hash="C2-47-82-F2-1A-DF-11-49-45-82-64-6E-9D-8A-93-CE-08-F1-9E-D9">
      <ModulePath>C:\Program Files\dotnet\shared\Microsoft.NETCore.App\3.1.1\System.Text.Encoding.CodePages.dll</ModulePath>
      <ModuleTime>2019-12-09T09:40:02Z</ModuleTime>
      <ModuleName>System.Text.Encoding.CodePages</ModuleName>
      <Classes />
    </Module>
    <Module skippedDueTo="Filter" hash="7F-B3-05-BA-78-7B-90-86-20-73-A9-0B-A4-53-AD-F9-35-89-0E-88">
      <ModulePath>C:\Program Files\dotnet\shared\Microsoft.NETCore.App\3.1.1\System.Collections.dll</ModulePath>
      <ModuleTime>2019-12-09T09:40:36Z</ModuleTime>
      <ModuleName>System.Collections</ModuleName>
      <Classes />
    </Module>
    <Module skippedDueTo="Filter" hash="B0-17-92-AC-BB-F5-22-8A-22-BB-36-8A-C4-74-61-16-A1-F1-A5-17">
      <ModulePath>C:\Program Files\dotnet\shared\Microsoft.NETCore.App\3.1.1\System.Collections.Concurrent.dll</ModulePath>
      <ModuleTime>2019-12-09T09:39:56Z</ModuleTime>
      <ModuleName>System.Collections.Concurrent</ModuleName>
      <Classes />
    </Module>
    <Module skippedDueTo="Filter" hash="4B-23-3C-FB-2C-87-6B-C8-B9-B3-B0-3C-FE-2A-A6-B0-EA-C8-0B-A4">
      <ModulePath>C:\Program Files\dotnet\shared\Microsoft.NETCore.App\3.1.1\System.Threading.Thread.dll</ModulePath>
      <ModuleTime>2019-12-09T09:40:04Z</ModuleTime>
      <ModuleName>System.Threading.Thread</ModuleName>
      <Classes />
    </Module>
    <Module skippedDueTo="MissingPdb" hash="65-78-30-2B-C9-50-D2-0B-61-2A-D8-09-F8-73-A7-FD-B9-8D-8E-59">
      <ModulePath>C:\Program Files\dotnet\sdk\3.1.101\Microsoft.DotNet.Configurer.dll</ModulePath>
      <ModuleTime>2019-12-20T04:32:00Z</ModuleTime>
      <ModuleName>Microsoft.DotNet.Configurer</ModuleName>
      <Classes />
    </Module>
    <Module skippedDueTo="MissingPdb" hash="30-66-DB-F4-B6-F8-8C-84-13-A4-24-8F-F6-58-50-16-B2-00-A2-38">
      <ModulePath>C:\Program Files\dotnet\sdk\3.1.101\Microsoft.DotNet.Cli.CommandLine.dll</ModulePath>
      <ModuleTime>2019-12-20T04:32:00Z</ModuleTime>
      <ModuleName>Microsoft.DotNet.Cli.CommandLine</ModuleName>
      <Classes />
    </Module>
    <Module skippedDueTo="Filter" hash="73-45-14-55-A4-8E-EC-0A-1B-35-EF-E2-6D-BF-6C-6B-96-DA-7F-24">
      <ModulePath>C:\Program Files\dotnet\shared\Microsoft.NETCore.App\3.1.1\System.Diagnostics.Process.dll</ModulePath>
      <ModuleTime>2019-12-09T09:40:02Z</ModuleTime>
      <ModuleName>System.Diagnostics.Process</ModuleName>
      <Classes />
    </Module>
    <Module skippedDueTo="MissingPdb" hash="1A-BF-9A-83-48-1A-09-B2-57-64-CE-83-07-87-20-FF-4D-9C-DA-85">
      <ModulePath>C:\Program Files\dotnet\sdk\3.1.101\Microsoft.DotNet.InternalAbstractions.dll</ModulePath>
      <ModuleTime>2019-12-20T04:32:00Z</ModuleTime>
      <ModuleName>Microsoft.DotNet.InternalAbstractions</ModuleName>
      <Classes />
    </Module>
    <Module skippedDueTo="Filter" hash="01-21-D0-71-7C-59-2D-58-68-0F-75-5A-8C-11-80-8D-31-48-DB-B4">
      <ModulePath>C:\Program Files\dotnet\shared\Microsoft.NETCore.App\3.1.1\System.Linq.dll</ModulePath>
      <ModuleTime>2019-12-09T09:40:04Z</ModuleTime>
      <ModuleName>System.Linq</ModuleName>
      <Classes />
    </Module>
    <Module skippedDueTo="MissingPdb" hash="03-28-A9-BB-FA-B4-8F-A7-A3-77-17-9E-21-77-4B-F5-EA-93-2D-F2">
      <ModulePath>C:\Program Files\dotnet\sdk\3.1.101\NuGet.Frameworks.dll</ModulePath>
      <ModuleTime>2019-12-20T04:32:38Z</ModuleTime>
      <ModuleName>NuGet.Frameworks</ModuleName>
      <Classes />
    </Module>
    <Module skippedDueTo="Filter" hash="8F-66-CA-16-CB-91-DB-F4-6A-EC-BC-C3-07-99-05-F9-D2-D5-32-A7">
      <ModulePath>C:\Program Files\dotnet\shared\Microsoft.NETCore.App\3.1.1\System.Console.dll</ModulePath>
      <ModuleTime>2019-12-09T09:39:56Z</ModuleTime>
      <ModuleName>System.Console</ModuleName>
      <Classes />
    </Module>
    <Module skippedDueTo="Filter" hash="9A-B6-6B-F1-3A-E5-3C-24-16-36-C0-B2-CC-27-44-9B-73-D7-B7-58">
      <ModulePath>C:\Program Files\dotnet\shared\Microsoft.NETCore.App\3.1.1\System.Text.Encoding.Extensions.dll</ModulePath>
      <ModuleTime>2019-12-09T09:40:14Z</ModuleTime>
      <ModuleName>System.Text.Encoding.Extensions</ModuleName>
      <Classes />
    </Module>
    <Module skippedDueTo="Filter" hash="BE-9A-5D-A1-AA-13-AC-DA-D5-C1-FE-D2-21-5E-D6-EF-46-17-D8-BF">
      <ModulePath>C:\Program Files\dotnet\shared\Microsoft.NETCore.App\3.1.1\System.Runtime.CompilerServices.Unsafe.dll</ModulePath>
      <ModuleTime>2019-12-09T09:40:36Z</ModuleTime>
      <ModuleName>System.Runtime.CompilerServices.Unsafe</ModuleName>
      <Classes />
    </Module>
    <Module skippedDueTo="MissingPdb" hash="69-18-E7-81-40-A9-08-05-90-BE-FA-C1-21-57-65-71-A9-EA-DF-A1">
      <ModulePath>C:\Program Files\dotnet\sdk\3.1.101\Microsoft.ApplicationInsights.dll</ModulePath>
      <ModuleTime>2019-12-20T04:32:00Z</ModuleTime>
      <ModuleName>Microsoft.ApplicationInsights</ModuleName>
      <Classes />
    </Module>
    <Module skippedDueTo="Filter" hash="FC-88-C2-48-B1-32-80-2D-6A-AC-48-B8-59-A8-F8-B0-DC-CC-A4-DB">
      <ModulePath>C:\Program Files\dotnet\shared\Microsoft.NETCore.App\3.1.1\System.Buffers.dll</ModulePath>
      <ModuleTime>2019-12-09T09:39:58Z</ModuleTime>
      <ModuleName>System.Buffers</ModuleName>
      <Classes />
    </Module>
    <Module skippedDueTo="Filter" hash="9C-AF-40-D7-E0-8E-7D-55-6A-EE-BE-9D-81-85-5F-70-4C-43-3E-8F">
      <ModulePath>C:\Program Files\dotnet\shared\Microsoft.NETCore.App\3.1.1\System.Security.Cryptography.Algorithms.dll</ModulePath>
      <ModuleTime>2019-12-09T09:40:02Z</ModuleTime>
      <ModuleName>System.Security.Cryptography.Algorithms</ModuleName>
      <Classes />
    </Module>
    <Module skippedDueTo="Filter" hash="A1-DB-CA-49-E5-DE-15-8A-D1-27-A7-83-3B-06-C2-FD-AA-93-97-7F">
      <ModulePath>C:\Program Files\dotnet\shared\Microsoft.NETCore.App\3.1.1\System.Private.Uri.dll</ModulePath>
      <ModuleTime>2019-12-09T09:39:54Z</ModuleTime>
      <ModuleName>System.Private.Uri</ModuleName>
      <Classes />
    </Module>
    <Module skippedDueTo="Filter" hash="C6-1E-E9-70-08-99-FC-7C-56-FD-99-EA-B2-77-BA-86-EC-00-3E-CD">
      <ModulePath>C:\Program Files\dotnet\shared\Microsoft.NETCore.App\3.1.1\System.Security.Cryptography.Primitives.dll</ModulePath>
      <ModuleTime>2019-12-09T09:40:06Z</ModuleTime>
      <ModuleName>System.Security.Cryptography.Primitives</ModuleName>
      <Classes />
    </Module>
    <Module skippedDueTo="MissingPdb" hash="FE-CB-B7-96-25-17-F0-81-93-4A-CF-1E-36-56-09-82-59-87-B1-F7">
      <ModulePath>C:\Program Files\dotnet\sdk\3.1.101\Microsoft.TemplateEngine.Cli.dll</ModulePath>
      <ModuleTime>2019-12-20T04:32:26Z</ModuleTime>
      <ModuleName>Microsoft.TemplateEngine.Cli</ModuleName>
      <Classes />
    </Module>
    <Module skippedDueTo="Filter" hash="6D-F9-F7-3E-29-9D-20-BD-2F-49-83-2B-B5-0E-C3-9A-24-10-C2-11">
      <ModulePath>C:\Program Files\dotnet\shared\Microsoft.NETCore.App\3.1.1\System.Reflection.Extensions.dll</ModulePath>
      <ModuleTime>2019-12-09T09:40:36Z</ModuleTime>
      <ModuleName>System.Reflection.Extensions</ModuleName>
      <Classes />
    </Module>
    <Module skippedDueTo="Filter" hash="F7-22-BE-C3-24-16-7D-05-4F-01-12-91-F4-A3-B7-24-B6-01-82-06">
      <ModulePath>C:\Program Files\dotnet\shared\Microsoft.NETCore.App\3.1.1\System.Reflection.dll</ModulePath>
      <ModuleTime>2019-12-09T09:40:34Z</ModuleTime>
      <ModuleName>System.Reflection</ModuleName>
      <Classes />
    </Module>
    <Module skippedDueTo="Filter" hash="F9-C8-60-94-E8-BB-9F-56-AB-FF-B7-9F-17-63-1D-7D-9A-8C-5D-90">
      <ModulePath>C:\Program Files\dotnet\shared\Microsoft.NETCore.App\3.1.1\System.Xml.XDocument.dll</ModulePath>
      <ModuleTime>2019-12-09T09:39:54Z</ModuleTime>
      <ModuleName>System.Xml.XDocument</ModuleName>
      <Classes />
    </Module>
    <Module skippedDueTo="Filter" hash="67-B0-AA-21-34-86-26-B5-8A-2A-DE-BD-13-F6-E1-DC-C9-A6-C9-11">
      <ModulePath>C:\Program Files\dotnet\shared\Microsoft.NETCore.App\3.1.1\System.Resources.ResourceManager.dll</ModulePath>
      <ModuleTime>2019-12-09T09:39:56Z</ModuleTime>
      <ModuleName>System.Resources.ResourceManager</ModuleName>
      <Classes />
    </Module>
    <Module skippedDueTo="Filter" hash="8C-61-4B-EA-81-E0-4A-28-1C-92-01-32-97-55-F9-35-20-1B-2E-63">
      <ModulePath>C:\Program Files\dotnet\shared\Microsoft.NETCore.App\3.1.1\System.Private.Xml.Linq.dll</ModulePath>
      <ModuleTime>2019-12-09T09:39:56Z</ModuleTime>
      <ModuleName>System.Private.Xml.Linq</ModuleName>
      <Classes />
    </Module>
    <Module skippedDueTo="Filter" hash="76-B3-8B-2A-31-E1-F2-2D-97-5B-8E-92-73-70-7A-8F-72-E4-44-63">
      <ModulePath>C:\Program Files\dotnet\shared\Microsoft.NETCore.App\3.1.1\System.Private.Xml.dll</ModulePath>
      <ModuleTime>2019-12-09T09:39:56Z</ModuleTime>
      <ModuleName>System.Private.Xml</ModuleName>
      <Classes />
    </Module>
    <Module skippedDueTo="Filter" hash="0A-2F-ED-78-BD-C3-89-28-67-8C-34-6A-6A-42-E0-93-AB-02-7C-5A">
      <ModulePath>C:\Program Files\dotnet\shared\Microsoft.NETCore.App\3.1.1\System.Text.RegularExpressions.dll</ModulePath>
      <ModuleTime>2019-12-09T09:40:36Z</ModuleTime>
      <ModuleName>System.Text.RegularExpressions</ModuleName>
      <Classes />
    </Module>
    <Module skippedDueTo="Filter" hash="1F-AD-B1-AA-7D-FE-11-BC-97-F6-46-27-D7-C8-F7-6D-53-4E-3A-41">
      <ModulePath>C:\Program Files\dotnet\shared\Microsoft.NETCore.App\3.1.1\System.Xml.ReaderWriter.dll</ModulePath>
      <ModuleTime>2019-12-09T09:40:26Z</ModuleTime>
      <ModuleName>System.Xml.ReaderWriter</ModuleName>
      <Classes />
    </Module>
    <Module skippedDueTo="Filter" hash="58-CE-28-9B-89-FC-5B-7D-F9-DF-DB-E2-82-9F-FB-C8-9A-65-2E-CD">
      <ModulePath>C:\Program Files\dotnet\shared\Microsoft.NETCore.App\3.1.1\System.Diagnostics.Tracing.dll</ModulePath>
      <ModuleTime>2019-12-09T09:40:34Z</ModuleTime>
      <ModuleName>System.Diagnostics.Tracing</ModuleName>
      <Classes />
    </Module>
    <Module skippedDueTo="Filter" hash="F9-64-1E-55-2D-9C-5D-82-69-A6-84-14-0D-0F-D7-44-B3-5C-A7-06">
      <ModulePath>C:\Program Files\dotnet\shared\Microsoft.NETCore.App\3.1.1\System.Threading.Tasks.dll</ModulePath>
      <ModuleTime>2019-12-09T09:40:34Z</ModuleTime>
      <ModuleName>System.Threading.Tasks</ModuleName>
      <Classes />
    </Module>
    <Module skippedDueTo="Filter" hash="E8-BD-85-B9-4C-23-55-8C-87-8C-7C-65-E6-6E-D5-8C-53-F3-85-9E">
      <ModulePath>C:\Program Files\dotnet\shared\Microsoft.NETCore.App\3.1.1\System.Globalization.dll</ModulePath>
      <ModuleTime>2019-12-09T09:40:36Z</ModuleTime>
      <ModuleName>System.Globalization</ModuleName>
      <Classes />
    </Module>
    <Module skippedDueTo="Filter" hash="C3-0D-A0-B1-74-3B-15-DF-A7-15-4C-96-D4-27-BF-FD-FE-00-A4-EB">
      <ModulePath>C:\Program Files\dotnet\shared\Microsoft.NETCore.App\3.1.1\System.Reflection.Emit.ILGeneration.dll</ModulePath>
      <ModuleTime>2019-12-09T09:40:34Z</ModuleTime>
      <ModuleName>System.Reflection.Emit.ILGeneration</ModuleName>
      <Classes />
    </Module>
    <Module skippedDueTo="Filter" hash="82-A4-6C-57-AF-AA-D5-30-07-87-6E-51-C8-AB-EB-02-D5-17-69-13">
      <ModulePath>C:\Program Files\dotnet\shared\Microsoft.NETCore.App\3.1.1\System.Reflection.Emit.Lightweight.dll</ModulePath>
      <ModuleTime>2019-12-09T09:40:00Z</ModuleTime>
      <ModuleName>System.Reflection.Emit.Lightweight</ModuleName>
      <Classes />
    </Module>
    <Module skippedDueTo="Filter" hash="49-18-F3-D0-44-80-34-0E-8A-59-5F-EC-4C-DE-3E-8A-19-82-A8-F2">
      <ModulePath>C:\Program Files\dotnet\shared\Microsoft.NETCore.App\3.1.1\System.Reflection.Primitives.dll</ModulePath>
      <ModuleTime>2019-12-09T09:40:04Z</ModuleTime>
      <ModuleName>System.Reflection.Primitives</ModuleName>
      <Classes />
    </Module>
    <Module skippedDueTo="MissingPdb" hash="A4-79-06-40-D5-5F-A9-60-39-5B-4E-11-23-32-9B-D2-91-70-E6-9A">
      <ModulePath>C:\Program Files\dotnet\shared\Microsoft.NETCore.App\3.1.1\Microsoft.Win32.Registry.dll</ModulePath>
      <ModuleTime>2019-12-09T09:40:38Z</ModuleTime>
      <ModuleName>Microsoft.Win32.Registry</ModuleName>
      <Classes />
    </Module>
    <Module skippedDueTo="MissingPdb" hash="61-88-56-DF-E6-E0-99-C6-F6-44-13-17-10-25-81-0B-73-61-4C-32">
      <ModulePath>C:\Program Files\dotnet\sdk\3.1.101\Microsoft.TemplateEngine.Utils.dll</ModulePath>
      <ModuleTime>2019-12-20T04:32:30Z</ModuleTime>
      <ModuleName>Microsoft.TemplateEngine.Utils</ModuleName>
      <Classes />
    </Module>
    <Module skippedDueTo="Filter" hash="82-8D-BA-AC-40-85-10-CA-B8-7F-36-2B-6D-AE-A0-F3-2B-F1-B5-F0">
      <ModulePath>C:\Program Files\dotnet\shared\Microsoft.NETCore.App\3.1.1\System.Diagnostics.Tools.dll</ModulePath>
      <ModuleTime>2019-12-09T09:40:00Z</ModuleTime>
      <ModuleName>System.Diagnostics.Tools</ModuleName>
      <Classes />
    </Module>
    <Module skippedDueTo="Filter" hash="46-D5-F8-2E-9F-A9-78-CB-94-2A-A7-6D-1A-4D-01-4A-E0-12-4B-7F">
      <ModulePath>C:\Program Files\dotnet\shared\Microsoft.NETCore.App\3.1.1\System.Diagnostics.Debug.dll</ModulePath>
      <ModuleTime>2019-12-09T09:40:04Z</ModuleTime>
      <ModuleName>System.Diagnostics.Debug</ModuleName>
      <Classes />
    </Module>
    <Module skippedDueTo="Filter" hash="E1-64-90-F4-41-89-3C-1E-7E-3F-55-45-8A-DE-E0-4C-12-C0-CF-75">
      <ModulePath>C:\Program Files\dotnet\shared\Microsoft.NETCore.App\3.1.1\System.IO.dll</ModulePath>
      <ModuleTime>2019-12-09T09:40:34Z</ModuleTime>
      <ModuleName>System.IO</ModuleName>
      <Classes />
    </Module>
    <Module skippedDueTo="Filter" hash="51-D2-F8-10-1F-22-A8-6B-7A-C1-7A-EF-51-5D-75-B1-8B-9B-90-26">
      <ModulePath>C:\Program Files\dotnet\shared\Microsoft.NETCore.App\3.1.1\System.Text.Encoding.dll</ModulePath>
      <ModuleTime>2019-12-09T09:40:14Z</ModuleTime>
      <ModuleName>System.Text.Encoding</ModuleName>
      <Classes />
    </Module>
    <Module skippedDueTo="Filter" hash="81-43-50-E3-13-36-9A-61-6C-4D-39-82-8F-7C-96-DB-6B-E6-B3-A2">
      <ModulePath>C:\Program Files\dotnet\shared\Microsoft.NETCore.App\3.1.1\System.IO.Compression.dll</ModulePath>
      <ModuleTime>2019-12-09T09:40:02Z</ModuleTime>
      <ModuleName>System.IO.Compression</ModuleName>
      <Classes />
    </Module>
    <Module skippedDueTo="Filter" hash="69-FE-D8-1A-39-46-E9-D5-38-AB-56-03-9C-A7-0F-45-ED-B2-D5-89">
      <ModulePath>C:\Program Files\dotnet\shared\Microsoft.NETCore.App\3.1.1\System.Net.Http.dll</ModulePath>
      <ModuleTime>2019-12-09T09:40:04Z</ModuleTime>
      <ModuleName>System.Net.Http</ModuleName>
      <Classes />
    </Module>
    <Module skippedDueTo="Filter" hash="18-FA-0D-95-F1-C9-6C-5F-3D-ED-64-F5-E7-EA-F2-93-72-0C-61-3D">
      <ModulePath>C:\Program Files\dotnet\shared\Microsoft.NETCore.App\3.1.1\System.Net.Primitives.dll</ModulePath>
      <ModuleTime>2019-12-09T09:39:54Z</ModuleTime>
      <ModuleName>System.Net.Primitives</ModuleName>
      <Classes />
    </Module>
    <Module skippedDueTo="MissingPdb" hash="9A-83-5A-B5-87-CC-A8-C7-79-AC-67-E5-CA-0D-81-86-66-93-37-22">
      <ModulePath>C:\Program Files\dotnet\sdk\3.1.101\Microsoft.Build.Framework.dll</ModulePath>
      <ModuleTime>2019-12-20T04:32:24Z</ModuleTime>
      <ModuleName>Microsoft.Build.Framework</ModuleName>
      <Classes />
    </Module>
    <Module skippedDueTo="Filter" hash="35-6E-74-A3-51-5E-E3-83-2D-F5-67-19-F3-95-CB-7A-CF-15-60-CA">
      <ModulePath>C:\Program Files\dotnet\shared\Microsoft.NETCore.App\3.1.1\System.Net.Security.dll</ModulePath>
      <ModuleTime>2019-12-09T09:39:56Z</ModuleTime>
      <ModuleName>System.Net.Security</ModuleName>
      <Classes />
    </Module>
    <Module skippedDueTo="Filter" hash="9B-E9-31-17-1E-42-BF-69-F2-8E-74-6B-F8-6B-B7-D7-F7-77-11-7F">
      <ModulePath>C:\Program Files\dotnet\shared\Microsoft.NETCore.App\3.1.1\System.ComponentModel.Primitives.dll</ModulePath>
      <ModuleTime>2019-12-09T09:39:58Z</ModuleTime>
      <ModuleName>System.ComponentModel.Primitives</ModuleName>
      <Classes />
    </Module>
    <Module skippedDueTo="Filter" hash="6A-14-D9-A1-75-17-BF-9F-6B-FB-5F-B5-AC-8A-2C-94-97-A6-50-92">
      <ModulePath>C:\Program Files\dotnet\shared\Microsoft.NETCore.App\3.1.1\System.Security.Cryptography.X509Certificates.dll</ModulePath>
      <ModuleTime>2019-12-09T09:40:36Z</ModuleTime>
      <ModuleName>System.Security.Cryptography.X509Certificates</ModuleName>
      <Classes />
    </Module>
    <Module skippedDueTo="Filter" hash="49-AA-09-7E-08-21-F3-64-A1-95-BC-6F-B6-DA-5F-6A-14-4F-DC-60">
      <ModulePath>C:\Program Files\dotnet\shared\Microsoft.NETCore.App\3.1.1\System.Collections.NonGeneric.dll</ModulePath>
      <ModuleTime>2019-12-09T09:39:56Z</ModuleTime>
      <ModuleName>System.Collections.NonGeneric</ModuleName>
      <Classes />
    </Module>
    <Module skippedDueTo="MissingPdb" hash="5A-53-4F-48-AF-B1-EB-60-21-87-B1-28-94-0A-4B-2D-BB-CE-B3-2D">
      <ModulePath>C:\Program Files\dotnet\shared\Microsoft.NETCore.App\3.1.1\Microsoft.Win32.Primitives.dll</ModulePath>
      <ModuleTime>2019-12-09T09:39:56Z</ModuleTime>
      <ModuleName>Microsoft.Win32.Primitives</ModuleName>
      <Classes />
    </Module>
    <Module skippedDueTo="Filter" hash="BA-A1-94-4D-72-3E-EF-49-B2-32-E7-EE-9F-B3-FC-AD-62-1A-F8-91">
      <ModulePath>C:\Program Files\dotnet\shared\Microsoft.NETCore.App\3.1.1\System.Private.CoreLib.dll</ModulePath>
      <ModuleTime>2019-12-07T22:40:56Z</ModuleTime>
      <ModuleName>System.Private.CoreLib</ModuleName>
      <Classes />
    </Module>
    <Module skippedDueTo="MissingPdb" hash="2F-64-93-42-DC-03-FB-18-D6-2C-17-CE-34-4A-A1-1C-E2-29-83-40">
      <ModulePath>C:\Program Files\dotnet\sdk\3.1.101\MSBuild.dll</ModulePath>
      <ModuleTime>2019-12-20T04:31:42Z</ModuleTime>
      <ModuleName>MSBuild</ModuleName>
      <Classes />
    </Module>
    <Module skippedDueTo="Filter" hash="7A-56-D1-54-BC-15-85-39-DA-17-17-FE-FB-38-15-4B-78-98-E5-80">
      <ModulePath>C:\Program Files\dotnet\shared\Microsoft.NETCore.App\3.1.1\System.Runtime.dll</ModulePath>
      <ModuleTime>2019-12-09T09:39:56Z</ModuleTime>
      <ModuleName>System.Runtime</ModuleName>
      <Classes />
    </Module>
    <Module skippedDueTo="Filter" hash="58-49-87-1F-73-BC-F4-63-E6-DC-16-9A-68-00-73-51-18-DF-4D-63">
      <ModulePath>C:\Program Files\dotnet\shared\Microsoft.NETCore.App\3.1.1\System.Runtime.Extensions.dll</ModulePath>
      <ModuleTime>2019-12-09T09:40:00Z</ModuleTime>
      <ModuleName>System.Runtime.Extensions</ModuleName>
      <Classes />
    </Module>
    <Module skippedDueTo="Filter" hash="A8-3F-3B-0D-FE-3C-B9-36-6E-33-0B-C3-CA-EE-8E-8A-E1-10-2A-F2">
      <ModulePath>C:\Program Files\dotnet\shared\Microsoft.NETCore.App\3.1.1\System.Threading.dll</ModulePath>
      <ModuleTime>2019-12-09T09:40:12Z</ModuleTime>
      <ModuleName>System.Threading</ModuleName>
      <Classes />
    </Module>
    <Module skippedDueTo="Filter" hash="F9-64-1E-55-2D-9C-5D-82-69-A6-84-14-0D-0F-D7-44-B3-5C-A7-06">
      <ModulePath>C:\Program Files\dotnet\shared\Microsoft.NETCore.App\3.1.1\System.Threading.Tasks.dll</ModulePath>
      <ModuleTime>2019-12-09T09:40:34Z</ModuleTime>
      <ModuleName>System.Threading.Tasks</ModuleName>
      <Classes />
    </Module>
    <Module skippedDueTo="Filter" hash="CE-5F-A9-D3-D8-4F-06-37-AE-9B-FA-4F-E5-3E-1E-03-B4-77-86-78">
      <ModulePath>C:\Program Files\dotnet\shared\Microsoft.NETCore.App\3.1.1\System.Runtime.InteropServices.RuntimeInformation.dll</ModulePath>
      <ModuleTime>2019-12-09T09:39:58Z</ModuleTime>
      <ModuleName>System.Runtime.InteropServices.RuntimeInformation</ModuleName>
      <Classes />
    </Module>
    <Module skippedDueTo="Filter" hash="73-45-14-55-A4-8E-EC-0A-1B-35-EF-E2-6D-BF-6C-6B-96-DA-7F-24">
      <ModulePath>C:\Program Files\dotnet\shared\Microsoft.NETCore.App\3.1.1\System.Diagnostics.Process.dll</ModulePath>
      <ModuleTime>2019-12-09T09:40:02Z</ModuleTime>
      <ModuleName>System.Diagnostics.Process</ModuleName>
      <Classes />
    </Module>
    <Module skippedDueTo="Filter" hash="9B-E9-31-17-1E-42-BF-69-F2-8E-74-6B-F8-6B-B7-D7-F7-77-11-7F">
      <ModulePath>C:\Program Files\dotnet\shared\Microsoft.NETCore.App\3.1.1\System.ComponentModel.Primitives.dll</ModulePath>
      <ModuleTime>2019-12-09T09:39:58Z</ModuleTime>
      <ModuleName>System.ComponentModel.Primitives</ModuleName>
      <Classes />
    </Module>
    <Module skippedDueTo="Filter" hash="01-21-D0-71-7C-59-2D-58-68-0F-75-5A-8C-11-80-8D-31-48-DB-B4">
      <ModulePath>C:\Program Files\dotnet\shared\Microsoft.NETCore.App\3.1.1\System.Linq.dll</ModulePath>
      <ModuleTime>2019-12-09T09:40:04Z</ModuleTime>
      <ModuleName>System.Linq</ModuleName>
      <Classes />
    </Module>
    <Module skippedDueTo="Filter" hash="0A-2F-ED-78-BD-C3-89-28-67-8C-34-6A-6A-42-E0-93-AB-02-7C-5A">
      <ModulePath>C:\Program Files\dotnet\shared\Microsoft.NETCore.App\3.1.1\System.Text.RegularExpressions.dll</ModulePath>
      <ModuleTime>2019-12-09T09:40:36Z</ModuleTime>
      <ModuleName>System.Text.RegularExpressions</ModuleName>
      <Classes />
    </Module>
    <Module skippedDueTo="Filter" hash="7F-B3-05-BA-78-7B-90-86-20-73-A9-0B-A4-53-AD-F9-35-89-0E-88">
      <ModulePath>C:\Program Files\dotnet\shared\Microsoft.NETCore.App\3.1.1\System.Collections.dll</ModulePath>
      <ModuleTime>2019-12-09T09:40:36Z</ModuleTime>
      <ModuleName>System.Collections</ModuleName>
      <Classes />
    </Module>
    <Module skippedDueTo="Filter" hash="02-FD-78-B1-DD-78-9E-C7-C1-D1-B6-B0-23-9A-FB-A3-98-A6-F6-E5">
      <ModulePath>C:\Program Files\dotnet\shared\Microsoft.NETCore.App\3.1.1\System.Memory.dll</ModulePath>
      <ModuleTime>2019-12-09T09:40:08Z</ModuleTime>
      <ModuleName>System.Memory</ModuleName>
      <Classes />
    </Module>
    <Module skippedDueTo="Filter" hash="FC-88-C2-48-B1-32-80-2D-6A-AC-48-B8-59-A8-F8-B0-DC-CC-A4-DB">
      <ModulePath>C:\Program Files\dotnet\shared\Microsoft.NETCore.App\3.1.1\System.Buffers.dll</ModulePath>
      <ModuleTime>2019-12-09T09:39:58Z</ModuleTime>
      <ModuleName>System.Buffers</ModuleName>
      <Classes />
    </Module>
    <Module skippedDueTo="Filter" hash="6F-7C-BF-2C-C9-E7-07-66-16-9B-21-61-19-B6-01-F5-33-81-C0-88">
      <ModulePath>C:\Program Files\dotnet\shared\Microsoft.NETCore.App\3.1.1\System.IO.FileSystem.dll</ModulePath>
      <ModuleTime>2019-12-09T09:40:06Z</ModuleTime>
      <ModuleName>System.IO.FileSystem</ModuleName>
      <Classes />
    </Module>
    <Module skippedDueTo="Filter" hash="54-E5-A6-FF-F6-8C-6A-7D-CE-D2-2A-BF-D5-6B-67-60-2D-88-A0-A6">
      <ModulePath>C:\Program Files\dotnet\shared\Microsoft.NETCore.App\3.1.1\System.Runtime.InteropServices.dll</ModulePath>
      <ModuleTime>2019-12-09T09:40:02Z</ModuleTime>
      <ModuleName>System.Runtime.InteropServices</ModuleName>
      <Classes />
    </Module>
    <Module skippedDueTo="Filter" hash="8F-66-CA-16-CB-91-DB-F4-6A-EC-BC-C3-07-99-05-F9-D2-D5-32-A7">
      <ModulePath>C:\Program Files\dotnet\shared\Microsoft.NETCore.App\3.1.1\System.Console.dll</ModulePath>
      <ModuleTime>2019-12-09T09:39:56Z</ModuleTime>
      <ModuleName>System.Console</ModuleName>
      <Classes />
    </Module>
    <Module skippedDueTo="MissingPdb" hash="9A-83-5A-B5-87-CC-A8-C7-79-AC-67-E5-CA-0D-81-86-66-93-37-22">
      <ModulePath>C:\Program Files\dotnet\sdk\3.1.101\Microsoft.Build.Framework.dll</ModulePath>
      <ModuleTime>2019-12-20T04:32:24Z</ModuleTime>
      <ModuleName>Microsoft.Build.Framework</ModuleName>
      <Classes />
    </Module>
    <Module skippedDueTo="MissingPdb" hash="2C-30-02-8C-B1-A2-1B-A0-1A-27-A6-24-3D-61-D5-E6-96-9D-4C-D8">
      <ModulePath>C:\Program Files\dotnet\shared\Microsoft.NETCore.App\3.1.1\netstandard.dll</ModulePath>
      <ModuleTime>2019-12-09T09:39:56Z</ModuleTime>
      <ModuleName>netstandard</ModuleName>
      <Classes />
    </Module>
    <Module skippedDueTo="MissingPdb" hash="43-C9-D7-7F-9D-1E-19-77-9E-9E-DF-3E-3F-A4-54-FC-7A-B3-25-34">
      <ModulePath>C:\Program Files\dotnet\sdk\3.1.101\Microsoft.Build.dll</ModulePath>
      <ModuleTime>2019-12-20T04:32:26Z</ModuleTime>
      <ModuleName>Microsoft.Build</ModuleName>
      <Classes />
    </Module>
    <Module skippedDueTo="Filter" hash="46-D5-F8-2E-9F-A9-78-CB-94-2A-A7-6D-1A-4D-01-4A-E0-12-4B-7F">
      <ModulePath>C:\Program Files\dotnet\shared\Microsoft.NETCore.App\3.1.1\System.Diagnostics.Debug.dll</ModulePath>
      <ModuleTime>2019-12-09T09:40:04Z</ModuleTime>
      <ModuleName>System.Diagnostics.Debug</ModuleName>
      <Classes />
    </Module>
    <Module skippedDueTo="Filter" hash="C2-47-82-F2-1A-DF-11-49-45-82-64-6E-9D-8A-93-CE-08-F1-9E-D9">
      <ModulePath>C:\Program Files\dotnet\shared\Microsoft.NETCore.App\3.1.1\System.Text.Encoding.CodePages.dll</ModulePath>
      <ModuleTime>2019-12-09T09:40:02Z</ModuleTime>
      <ModuleName>System.Text.Encoding.CodePages</ModuleName>
      <Classes />
    </Module>
    <Module skippedDueTo="Filter" hash="B0-17-92-AC-BB-F5-22-8A-22-BB-36-8A-C4-74-61-16-A1-F1-A5-17">
      <ModulePath>C:\Program Files\dotnet\shared\Microsoft.NETCore.App\3.1.1\System.Collections.Concurrent.dll</ModulePath>
      <ModuleTime>2019-12-09T09:39:56Z</ModuleTime>
      <ModuleName>System.Collections.Concurrent</ModuleName>
      <Classes />
    </Module>
    <Module skippedDueTo="MissingPdb" hash="63-C0-E7-F4-80-B3-11-B1-AB-7C-EF-FC-73-87-8F-86-CE-D6-69-5D">
      <ModulePath>C:\Program Files\dotnet\sdk\3.1.101\dotnet.dll</ModulePath>
      <ModuleTime>2019-12-20T04:32:30Z</ModuleTime>
      <ModuleName>dotnet</ModuleName>
      <Classes />
    </Module>
    <Module skippedDueTo="MissingPdb" hash="65-78-30-2B-C9-50-D2-0B-61-2A-D8-09-F8-73-A7-FD-B9-8D-8E-59">
      <ModulePath>C:\Program Files\dotnet\sdk\3.1.101\Microsoft.DotNet.Configurer.dll</ModulePath>
      <ModuleTime>2019-12-20T04:32:00Z</ModuleTime>
      <ModuleName>Microsoft.DotNet.Configurer</ModuleName>
      <Classes />
    </Module>
    <Module skippedDueTo="MissingPdb" hash="1A-BF-9A-83-48-1A-09-B2-57-64-CE-83-07-87-20-FF-4D-9C-DA-85">
      <ModulePath>C:\Program Files\dotnet\sdk\3.1.101\Microsoft.DotNet.InternalAbstractions.dll</ModulePath>
      <ModuleTime>2019-12-20T04:32:00Z</ModuleTime>
      <ModuleName>Microsoft.DotNet.InternalAbstractions</ModuleName>
      <Classes />
    </Module>
    <Module skippedDueTo="MissingPdb" hash="26-25-9F-9F-94-FF-13-F9-02-9C-57-75-C2-05-6B-4C-E9-36-A0-DD">
      <ModulePath>C:\Program Files\dotnet\sdk\3.1.101\Microsoft.DotNet.Cli.Utils.dll</ModulePath>
      <ModuleTime>2019-12-20T04:32:32Z</ModuleTime>
      <ModuleName>Microsoft.DotNet.Cli.Utils</ModuleName>
      <Classes />
    </Module>
    <Module skippedDueTo="Filter" hash="9A-B6-6B-F1-3A-E5-3C-24-16-36-C0-B2-CC-27-44-9B-73-D7-B7-58">
      <ModulePath>C:\Program Files\dotnet\shared\Microsoft.NETCore.App\3.1.1\System.Text.Encoding.Extensions.dll</ModulePath>
      <ModuleTime>2019-12-09T09:40:14Z</ModuleTime>
      <ModuleName>System.Text.Encoding.Extensions</ModuleName>
      <Classes />
    </Module>
    <Module skippedDueTo="MissingPdb" hash="69-18-E7-81-40-A9-08-05-90-BE-FA-C1-21-57-65-71-A9-EA-DF-A1">
      <ModulePath>C:\Program Files\dotnet\sdk\3.1.101\Microsoft.ApplicationInsights.dll</ModulePath>
      <ModuleTime>2019-12-20T04:32:00Z</ModuleTime>
      <ModuleName>Microsoft.ApplicationInsights</ModuleName>
      <Classes />
    </Module>
    <Module skippedDueTo="MissingPdb" hash="C4-93-DE-A7-BF-47-C1-77-13-D8-6B-BC-03-6A-0C-BB-0A-39-99-F9">
      <ModulePath>C:\Program Files\dotnet\sdk\3.1.101\Microsoft.DotNet.PlatformAbstractions.dll</ModulePath>
      <ModuleTime>2019-12-20T04:32:38Z</ModuleTime>
      <ModuleName>Microsoft.DotNet.PlatformAbstractions</ModuleName>
      <Classes />
    </Module>
    <Module skippedDueTo="Filter" hash="BE-9A-5D-A1-AA-13-AC-DA-D5-C1-FE-D2-21-5E-D6-EF-46-17-D8-BF">
      <ModulePath>C:\Program Files\dotnet\shared\Microsoft.NETCore.App\3.1.1\System.Runtime.CompilerServices.Unsafe.dll</ModulePath>
      <ModuleTime>2019-12-09T09:40:36Z</ModuleTime>
      <ModuleName>System.Runtime.CompilerServices.Unsafe</ModuleName>
      <Classes />
    </Module>
    <Module skippedDueTo="Filter" hash="A1-DB-CA-49-E5-DE-15-8A-D1-27-A7-83-3B-06-C2-FD-AA-93-97-7F">
      <ModulePath>C:\Program Files\dotnet\shared\Microsoft.NETCore.App\3.1.1\System.Private.Uri.dll</ModulePath>
      <ModuleTime>2019-12-09T09:39:54Z</ModuleTime>
      <ModuleName>System.Private.Uri</ModuleName>
      <Classes />
    </Module>
    <Module skippedDueTo="Filter" hash="6D-F9-F7-3E-29-9D-20-BD-2F-49-83-2B-B5-0E-C3-9A-24-10-C2-11">
      <ModulePath>C:\Program Files\dotnet\shared\Microsoft.NETCore.App\3.1.1\System.Reflection.Extensions.dll</ModulePath>
      <ModuleTime>2019-12-09T09:40:36Z</ModuleTime>
      <ModuleName>System.Reflection.Extensions</ModuleName>
      <Classes />
    </Module>
    <Module skippedDueTo="Filter" hash="F7-22-BE-C3-24-16-7D-05-4F-01-12-91-F4-A3-B7-24-B6-01-82-06">
      <ModulePath>C:\Program Files\dotnet\shared\Microsoft.NETCore.App\3.1.1\System.Reflection.dll</ModulePath>
      <ModuleTime>2019-12-09T09:40:34Z</ModuleTime>
      <ModuleName>System.Reflection</ModuleName>
      <Classes />
    </Module>
    <Module skippedDueTo="Filter" hash="F9-C8-60-94-E8-BB-9F-56-AB-FF-B7-9F-17-63-1D-7D-9A-8C-5D-90">
      <ModulePath>C:\Program Files\dotnet\shared\Microsoft.NETCore.App\3.1.1\System.Xml.XDocument.dll</ModulePath>
      <ModuleTime>2019-12-09T09:39:54Z</ModuleTime>
      <ModuleName>System.Xml.XDocument</ModuleName>
      <Classes />
    </Module>
    <Module skippedDueTo="Filter" hash="8C-61-4B-EA-81-E0-4A-28-1C-92-01-32-97-55-F9-35-20-1B-2E-63">
      <ModulePath>C:\Program Files\dotnet\shared\Microsoft.NETCore.App\3.1.1\System.Private.Xml.Linq.dll</ModulePath>
      <ModuleTime>2019-12-09T09:39:56Z</ModuleTime>
      <ModuleName>System.Private.Xml.Linq</ModuleName>
      <Classes />
    </Module>
    <Module skippedDueTo="Filter" hash="4B-23-3C-FB-2C-87-6B-C8-B9-B3-B0-3C-FE-2A-A6-B0-EA-C8-0B-A4">
      <ModulePath>C:\Program Files\dotnet\shared\Microsoft.NETCore.App\3.1.1\System.Threading.Thread.dll</ModulePath>
      <ModuleTime>2019-12-09T09:40:04Z</ModuleTime>
      <ModuleName>System.Threading.Thread</ModuleName>
      <Classes />
    </Module>
    <Module skippedDueTo="Filter" hash="76-B3-8B-2A-31-E1-F2-2D-97-5B-8E-92-73-70-7A-8F-72-E4-44-63">
      <ModulePath>C:\Program Files\dotnet\shared\Microsoft.NETCore.App\3.1.1\System.Private.Xml.dll</ModulePath>
      <ModuleTime>2019-12-09T09:39:56Z</ModuleTime>
      <ModuleName>System.Private.Xml</ModuleName>
      <Classes />
    </Module>
    <Module skippedDueTo="Filter" hash="1F-AD-B1-AA-7D-FE-11-BC-97-F6-46-27-D7-C8-F7-6D-53-4E-3A-41">
      <ModulePath>C:\Program Files\dotnet\shared\Microsoft.NETCore.App\3.1.1\System.Xml.ReaderWriter.dll</ModulePath>
      <ModuleTime>2019-12-09T09:40:26Z</ModuleTime>
      <ModuleName>System.Xml.ReaderWriter</ModuleName>
      <Classes />
    </Module>
    <Module skippedDueTo="Filter" hash="58-CE-28-9B-89-FC-5B-7D-F9-DF-DB-E2-82-9F-FB-C8-9A-65-2E-CD">
      <ModulePath>C:\Program Files\dotnet\shared\Microsoft.NETCore.App\3.1.1\System.Diagnostics.Tracing.dll</ModulePath>
      <ModuleTime>2019-12-09T09:40:34Z</ModuleTime>
      <ModuleName>System.Diagnostics.Tracing</ModuleName>
      <Classes />
    </Module>
    <Module skippedDueTo="Filter" hash="E8-BD-85-B9-4C-23-55-8C-87-8C-7C-65-E6-6E-D5-8C-53-F3-85-9E">
      <ModulePath>C:\Program Files\dotnet\shared\Microsoft.NETCore.App\3.1.1\System.Globalization.dll</ModulePath>
      <ModuleTime>2019-12-09T09:40:36Z</ModuleTime>
      <ModuleName>System.Globalization</ModuleName>
      <Classes />
    </Module>
    <Module skippedDueTo="Filter" hash="5A-27-05-54-A0-35-F2-7F-AC-DF-14-14-4A-15-65-C6-AA-E1-76-BD">
      <ModulePath>C:\Program Files\dotnet\shared\Microsoft.NETCore.App\3.1.1\System.Threading.Tasks.Dataflow.dll</ModulePath>
      <ModuleTime>2019-12-09T09:40:10Z</ModuleTime>
      <ModuleName>System.Threading.Tasks.Dataflow</ModuleName>
      <Classes />
    </Module>
    <Module skippedDueTo="Filter" hash="9C-AF-40-D7-E0-8E-7D-55-6A-EE-BE-9D-81-85-5F-70-4C-43-3E-8F">
      <ModulePath>C:\Program Files\dotnet\shared\Microsoft.NETCore.App\3.1.1\System.Security.Cryptography.Algorithms.dll</ModulePath>
      <ModuleTime>2019-12-09T09:40:02Z</ModuleTime>
      <ModuleName>System.Security.Cryptography.Algorithms</ModuleName>
      <Classes />
    </Module>
    <Module skippedDueTo="Filter" hash="C6-1E-E9-70-08-99-FC-7C-56-FD-99-EA-B2-77-BA-86-EC-00-3E-CD">
      <ModulePath>C:\Program Files\dotnet\shared\Microsoft.NETCore.App\3.1.1\System.Security.Cryptography.Primitives.dll</ModulePath>
      <ModuleTime>2019-12-09T09:40:06Z</ModuleTime>
      <ModuleName>System.Security.Cryptography.Primitives</ModuleName>
      <Classes />
    </Module>
    <Module skippedDueTo="MissingPdb" hash="A4-79-06-40-D5-5F-A9-60-39-5B-4E-11-23-32-9B-D2-91-70-E6-9A">
      <ModulePath>C:\Program Files\dotnet\shared\Microsoft.NETCore.App\3.1.1\Microsoft.Win32.Registry.dll</ModulePath>
      <ModuleTime>2019-12-09T09:40:38Z</ModuleTime>
      <ModuleName>Microsoft.Win32.Registry</ModuleName>
      <Classes />
    </Module>
    <Module skippedDueTo="Filter" hash="67-B0-AA-21-34-86-26-B5-8A-2A-DE-BD-13-F6-E1-DC-C9-A6-C9-11">
      <ModulePath>C:\Program Files\dotnet\shared\Microsoft.NETCore.App\3.1.1\System.Resources.ResourceManager.dll</ModulePath>
      <ModuleTime>2019-12-09T09:39:56Z</ModuleTime>
      <ModuleName>System.Resources.ResourceManager</ModuleName>
      <Classes />
    </Module>
    <Module skippedDueTo="Filter" hash="58-2E-40-A4-98-FD-50-AE-64-F0-19-8E-9E-B2-4B-5A-67-66-01-7A">
      <ModulePath>C:\Program Files\dotnet\shared\Microsoft.NETCore.App\3.1.1\System.ObjectModel.dll</ModulePath>
      <ModuleTime>2019-12-09T09:39:54Z</ModuleTime>
      <ModuleName>System.ObjectModel</ModuleName>
      <Classes />
    </Module>
    <Module skippedDueTo="Filter" hash="D5-25-D8-6D-DE-16-5A-C7-FB-B9-80-19-52-8F-6A-37-88-78-DA-AA">
      <ModulePath>C:\Program Files\dotnet\shared\Microsoft.NETCore.App\3.1.1\System.Diagnostics.TraceSource.dll</ModulePath>
      <ModuleTime>2019-12-09T09:40:08Z</ModuleTime>
      <ModuleName>System.Diagnostics.TraceSource</ModuleName>
      <Classes />
    </Module>
    <Module skippedDueTo="Filter" hash="DA-DE-69-79-37-98-B1-CA-04-44-43-FE-4A-FD-E3-C9-B5-CC-19-CA">
      <ModulePath>C:\Program Files\dotnet\shared\Microsoft.NETCore.App\3.1.1\System.Collections.Immutable.dll</ModulePath>
      <ModuleTime>2019-12-09T09:40:34Z</ModuleTime>
      <ModuleName>System.Collections.Immutable</ModuleName>
      <Classes />
    </Module>
    <Module skippedDueTo="Filter" hash="20-E4-29-5C-AD-EA-20-F7-EB-91-43-9A-0D-AC-E8-1B-3C-49-6C-40">
      <ModulePath>C:\Program Files\dotnet\shared\Microsoft.NETCore.App\3.1.1\System.Runtime.Loader.dll</ModulePath>
      <ModuleTime>2019-12-09T09:40:00Z</ModuleTime>
      <ModuleName>System.Runtime.Loader</ModuleName>
      <Classes />
    </Module>
    <Module skippedDueTo="MissingPdb" hash="09-5A-50-52-B3-D3-BF-96-3C-DC-65-14-23-03-98-36-D3-FC-10-BE">
      <ModulePath>C:\Program Files\dotnet\sdk\3.1.101\Microsoft.Build.NuGetSdkResolver.dll</ModulePath>
      <ModuleTime>2019-12-20T04:32:04Z</ModuleTime>
      <ModuleName>Microsoft.Build.NuGetSdkResolver</ModuleName>
      <Classes />
    </Module>
    <Module skippedDueTo="Filter" hash="3C-59-C2-6B-84-93-30-BB-4B-C0-AC-50-87-5F-19-3A-20-8F-92-34">
      <ModulePath>C:\Program Files\dotnet\shared\Microsoft.NETCore.App\3.1.1\System.Diagnostics.FileVersionInfo.dll</ModulePath>
      <ModuleTime>2019-12-09T09:40:00Z</ModuleTime>
      <ModuleName>System.Diagnostics.FileVersionInfo</ModuleName>
      <Classes />
    </Module>
    <Module skippedDueTo="Filter" hash="CA-E1-1E-4D-DA-23-E4-A5-C8-E9-7D-32-47-A9-F1-A1-B3-4A-CB-56">
      <ModulePath>C:\Program Files\dotnet\shared\Microsoft.NETCore.App\3.1.1\System.Threading.Tasks.Parallel.dll</ModulePath>
      <ModuleTime>2019-12-09T09:40:12Z</ModuleTime>
      <ModuleName>System.Threading.Tasks.Parallel</ModuleName>
      <Classes />
    </Module>
    <Module skippedDueTo="MissingPdb" hash="3D-19-01-88-24-E9-C3-F4-11-53-CE-97-7B-54-B0-84-2E-70-AD-78">
      <ModulePath>C:\Program Files\dotnet\sdk\3.1.101\Microsoft.Build.Utilities.Core.dll</ModulePath>
      <ModuleTime>2019-12-20T04:32:00Z</ModuleTime>
      <ModuleName>Microsoft.Build.Utilities.Core</ModuleName>
      <Classes />
    </Module>
    <Module skippedDueTo="Filter" hash="C3-0D-A0-B1-74-3B-15-DF-A7-15-4C-96-D4-27-BF-FD-FE-00-A4-EB">
      <ModulePath>C:\Program Files\dotnet\shared\Microsoft.NETCore.App\3.1.1\System.Reflection.Emit.ILGeneration.dll</ModulePath>
      <ModuleTime>2019-12-09T09:40:34Z</ModuleTime>
      <ModuleName>System.Reflection.Emit.ILGeneration</ModuleName>
      <Classes />
    </Module>
    <Module skippedDueTo="Filter" hash="82-A4-6C-57-AF-AA-D5-30-07-87-6E-51-C8-AB-EB-02-D5-17-69-13">
      <ModulePath>C:\Program Files\dotnet\shared\Microsoft.NETCore.App\3.1.1\System.Reflection.Emit.Lightweight.dll</ModulePath>
      <ModuleTime>2019-12-09T09:40:00Z</ModuleTime>
      <ModuleName>System.Reflection.Emit.Lightweight</ModuleName>
      <Classes />
    </Module>
    <Module skippedDueTo="Filter" hash="49-18-F3-D0-44-80-34-0E-8A-59-5F-EC-4C-DE-3E-8A-19-82-A8-F2">
      <ModulePath>C:\Program Files\dotnet\shared\Microsoft.NETCore.App\3.1.1\System.Reflection.Primitives.dll</ModulePath>
      <ModuleTime>2019-12-09T09:40:04Z</ModuleTime>
      <ModuleName>System.Reflection.Primitives</ModuleName>
      <Classes />
    </Module>
    <Module skippedDueTo="MissingPdb" hash="5A-F8-9D-01-1A-FB-FD-64-79-EA-B5-A8-EF-E5-E8-2D-77-EA-B3-16">
      <ModulePath>C:\Program Files\dotnet\sdk\3.1.101\Microsoft.Build.Tasks.Core.dll</ModulePath>
      <ModuleTime>2019-12-20T04:32:24Z</ModuleTime>
      <ModuleName>Microsoft.Build.Tasks.Core</ModuleName>
      <Classes />
    </Module>
    <Module skippedDueTo="MissingPdb" hash="34-F4-E0-89-89-8C-43-6F-D3-89-90-92-E4-36-65-02-8C-ED-17-5E">
      <ModulePath>C:\Program Files\dotnet\sdk\3.1.101\Microsoft.TestPlatform.Build.dll</ModulePath>
      <ModuleTime>2019-12-20T04:32:04Z</ModuleTime>
      <ModuleName>Microsoft.TestPlatform.Build</ModuleName>
      <Classes />
    </Module>
    <Module skippedDueTo="MissingPdb" hash="5A-53-4F-48-AF-B1-EB-60-21-87-B1-28-94-0A-4B-2D-BB-CE-B3-2D">
      <ModulePath>C:\Program Files\dotnet\shared\Microsoft.NETCore.App\3.1.1\Microsoft.Win32.Primitives.dll</ModulePath>
      <ModuleTime>2019-12-09T09:39:56Z</ModuleTime>
      <ModuleName>Microsoft.Win32.Primitives</ModuleName>
      <Classes />
    </Module>
    <Module skippedDueTo="Filter" hash="BA-A1-94-4D-72-3E-EF-49-B2-32-E7-EE-9F-B3-FC-AD-62-1A-F8-91">
      <ModulePath>C:\Program Files\dotnet\shared\Microsoft.NETCore.App\3.1.1\System.Private.CoreLib.dll</ModulePath>
      <ModuleTime>2019-12-07T22:40:56Z</ModuleTime>
      <ModuleName>System.Private.CoreLib</ModuleName>
      <Classes />
    </Module>
    <Module skippedDueTo="MissingPdb" hash="C4-71-91-CE-72-56-9A-52-5C-62-92-A2-91-66-71-41-67-1A-67-C2">
      <ModulePath>C:\Program Files\dotnet\sdk\3.1.101\vstest.console.dll</ModulePath>
      <ModuleTime>2019-12-20T04:32:02Z</ModuleTime>
      <ModuleName>vstest.console</ModuleName>
      <Classes />
    </Module>
    <Module skippedDueTo="Filter" hash="7A-56-D1-54-BC-15-85-39-DA-17-17-FE-FB-38-15-4B-78-98-E5-80">
      <ModulePath>C:\Program Files\dotnet\shared\Microsoft.NETCore.App\3.1.1\System.Runtime.dll</ModulePath>
      <ModuleTime>2019-12-09T09:39:56Z</ModuleTime>
      <ModuleName>System.Runtime</ModuleName>
      <Classes />
    </Module>
    <Module skippedDueTo="Filter" hash="73-45-14-55-A4-8E-EC-0A-1B-35-EF-E2-6D-BF-6C-6B-96-DA-7F-24">
      <ModulePath>C:\Program Files\dotnet\shared\Microsoft.NETCore.App\3.1.1\System.Diagnostics.Process.dll</ModulePath>
      <ModuleTime>2019-12-09T09:40:02Z</ModuleTime>
      <ModuleName>System.Diagnostics.Process</ModuleName>
      <Classes />
    </Module>
    <Module skippedDueTo="Filter" hash="9B-E9-31-17-1E-42-BF-69-F2-8E-74-6B-F8-6B-B7-D7-F7-77-11-7F">
      <ModulePath>C:\Program Files\dotnet\shared\Microsoft.NETCore.App\3.1.1\System.ComponentModel.Primitives.dll</ModulePath>
      <ModuleTime>2019-12-09T09:39:58Z</ModuleTime>
      <ModuleName>System.ComponentModel.Primitives</ModuleName>
      <Classes />
    </Module>
    <Module skippedDueTo="Filter" hash="58-49-87-1F-73-BC-F4-63-E6-DC-16-9A-68-00-73-51-18-DF-4D-63">
      <ModulePath>C:\Program Files\dotnet\shared\Microsoft.NETCore.App\3.1.1\System.Runtime.Extensions.dll</ModulePath>
      <ModuleTime>2019-12-09T09:40:00Z</ModuleTime>
      <ModuleName>System.Runtime.Extensions</ModuleName>
      <Classes />
    </Module>
    <Module skippedDueTo="MissingPdb" hash="CD-D2-C6-C5-06-62-C3-BB-87-3D-4A-75-B0-DD-2C-B0-3C-FC-DC-39">
      <ModulePath>C:\Program Files\dotnet\sdk\3.1.101\Microsoft.TestPlatform.CoreUtilities.dll</ModulePath>
      <ModuleTime>2019-12-20T04:32:30Z</ModuleTime>
      <ModuleName>Microsoft.TestPlatform.CoreUtilities</ModuleName>
      <Classes />
    </Module>
    <Module skippedDueTo="MissingPdb" hash="2C-30-02-8C-B1-A2-1B-A0-1A-27-A6-24-3D-61-D5-E6-96-9D-4C-D8">
      <ModulePath>C:\Program Files\dotnet\shared\Microsoft.NETCore.App\3.1.1\netstandard.dll</ModulePath>
      <ModuleTime>2019-12-09T09:39:56Z</ModuleTime>
      <ModuleName>netstandard</ModuleName>
      <Classes />
    </Module>
    <Module skippedDueTo="Filter" hash="46-D5-F8-2E-9F-A9-78-CB-94-2A-A7-6D-1A-4D-01-4A-E0-12-4B-7F">
      <ModulePath>C:\Program Files\dotnet\shared\Microsoft.NETCore.App\3.1.1\System.Diagnostics.Debug.dll</ModulePath>
      <ModuleTime>2019-12-09T09:40:04Z</ModuleTime>
      <ModuleName>System.Diagnostics.Debug</ModuleName>
      <Classes />
    </Module>
    <Module skippedDueTo="Filter" hash="4B-23-3C-FB-2C-87-6B-C8-B9-B3-B0-3C-FE-2A-A6-B0-EA-C8-0B-A4">
      <ModulePath>C:\Program Files\dotnet\shared\Microsoft.NETCore.App\3.1.1\System.Threading.Thread.dll</ModulePath>
      <ModuleTime>2019-12-09T09:40:04Z</ModuleTime>
      <ModuleName>System.Threading.Thread</ModuleName>
      <Classes />
    </Module>
    <Module skippedDueTo="Filter" hash="A8-3F-3B-0D-FE-3C-B9-36-6E-33-0B-C3-CA-EE-8E-8A-E1-10-2A-F2">
      <ModulePath>C:\Program Files\dotnet\shared\Microsoft.NETCore.App\3.1.1\System.Threading.dll</ModulePath>
      <ModuleTime>2019-12-09T09:40:12Z</ModuleTime>
      <ModuleName>System.Threading</ModuleName>
      <Classes />
    </Module>
    <Module skippedDueTo="Filter" hash="8F-66-CA-16-CB-91-DB-F4-6A-EC-BC-C3-07-99-05-F9-D2-D5-32-A7">
      <ModulePath>C:\Program Files\dotnet\shared\Microsoft.NETCore.App\3.1.1\System.Console.dll</ModulePath>
      <ModuleTime>2019-12-09T09:39:56Z</ModuleTime>
      <ModuleName>System.Console</ModuleName>
      <Classes />
    </Module>
    <Module skippedDueTo="Filter" hash="9A-B6-6B-F1-3A-E5-3C-24-16-36-C0-B2-CC-27-44-9B-73-D7-B7-58">
      <ModulePath>C:\Program Files\dotnet\shared\Microsoft.NETCore.App\3.1.1\System.Text.Encoding.Extensions.dll</ModulePath>
      <ModuleTime>2019-12-09T09:40:14Z</ModuleTime>
      <ModuleName>System.Text.Encoding.Extensions</ModuleName>
      <Classes />
    </Module>
    <Module skippedDueTo="Filter" hash="58-CE-28-9B-89-FC-5B-7D-F9-DF-DB-E2-82-9F-FB-C8-9A-65-2E-CD">
      <ModulePath>C:\Program Files\dotnet\shared\Microsoft.NETCore.App\3.1.1\System.Diagnostics.Tracing.dll</ModulePath>
      <ModuleTime>2019-12-09T09:40:34Z</ModuleTime>
      <ModuleName>System.Diagnostics.Tracing</ModuleName>
      <Classes />
    </Module>
    <Module skippedDueTo="Filter" hash="7F-B3-05-BA-78-7B-90-86-20-73-A9-0B-A4-53-AD-F9-35-89-0E-88">
      <ModulePath>C:\Program Files\dotnet\shared\Microsoft.NETCore.App\3.1.1\System.Collections.dll</ModulePath>
      <ModuleTime>2019-12-09T09:40:36Z</ModuleTime>
      <ModuleName>System.Collections</ModuleName>
      <Classes />
    </Module>
    <Module skippedDueTo="MissingPdb" hash="98-E9-7A-2E-F4-E1-82-47-E8-98-04-6B-4A-2B-72-F2-30-8D-E3-23">
      <ModulePath>C:\Program Files\dotnet\sdk\3.1.101\Microsoft.VisualStudio.TestPlatform.ObjectModel.dll</ModulePath>
      <ModuleTime>2019-12-20T04:32:26Z</ModuleTime>
      <ModuleName>Microsoft.VisualStudio.TestPlatform.ObjectModel</ModuleName>
      <Classes />
    </Module>
    <Module skippedDueTo="MissingPdb" hash="A3-74-2C-70-8F-BE-40-99-8F-68-2F-2C-9B-AA-8F-1A-4C-6C-EB-35">
      <ModulePath>C:\Program Files\dotnet\sdk\3.1.101\Microsoft.VisualStudio.TestPlatform.Client.dll</ModulePath>
      <ModuleTime>2019-12-20T04:32:26Z</ModuleTime>
      <ModuleName>Microsoft.VisualStudio.TestPlatform.Client</ModuleName>
      <Classes />
    </Module>
    <Module skippedDueTo="MissingPdb" hash="AB-C1-BD-99-58-55-02-6C-B7-31-56-05-D1-DD-57-B7-97-D4-A0-BA">
      <ModulePath>C:\Program Files\dotnet\sdk\3.1.101\Microsoft.VisualStudio.TestPlatform.Common.dll</ModulePath>
      <ModuleTime>2019-12-20T04:32:28Z</ModuleTime>
      <ModuleName>Microsoft.VisualStudio.TestPlatform.Common</ModuleName>
      <Classes />
    </Module>
    <Module skippedDueTo="Filter" hash="01-21-D0-71-7C-59-2D-58-68-0F-75-5A-8C-11-80-8D-31-48-DB-B4">
      <ModulePath>C:\Program Files\dotnet\shared\Microsoft.NETCore.App\3.1.1\System.Linq.dll</ModulePath>
      <ModuleTime>2019-12-09T09:40:04Z</ModuleTime>
      <ModuleName>System.Linq</ModuleName>
      <Classes />
    </Module>
    <Module skippedDueTo="Filter" hash="54-E5-A6-FF-F6-8C-6A-7D-CE-D2-2A-BF-D5-6B-67-60-2D-88-A0-A6">
      <ModulePath>C:\Program Files\dotnet\shared\Microsoft.NETCore.App\3.1.1\System.Runtime.InteropServices.dll</ModulePath>
      <ModuleTime>2019-12-09T09:40:02Z</ModuleTime>
      <ModuleName>System.Runtime.InteropServices</ModuleName>
      <Classes />
    </Module>
    <Module skippedDueTo="Filter" hash="67-B0-AA-21-34-86-26-B5-8A-2A-DE-BD-13-F6-E1-DC-C9-A6-C9-11">
      <ModulePath>C:\Program Files\dotnet\shared\Microsoft.NETCore.App\3.1.1\System.Resources.ResourceManager.dll</ModulePath>
      <ModuleTime>2019-12-09T09:39:56Z</ModuleTime>
      <ModuleName>System.Resources.ResourceManager</ModuleName>
      <Classes />
    </Module>
    <Module skippedDueTo="Filter" hash="6F-7C-BF-2C-C9-E7-07-66-16-9B-21-61-19-B6-01-F5-33-81-C0-88">
      <ModulePath>C:\Program Files\dotnet\shared\Microsoft.NETCore.App\3.1.1\System.IO.FileSystem.dll</ModulePath>
      <ModuleTime>2019-12-09T09:40:06Z</ModuleTime>
      <ModuleName>System.IO.FileSystem</ModuleName>
      <Classes />
    </Module>
    <Module skippedDueTo="Filter" hash="1F-AD-B1-AA-7D-FE-11-BC-97-F6-46-27-D7-C8-F7-6D-53-4E-3A-41">
      <ModulePath>C:\Program Files\dotnet\shared\Microsoft.NETCore.App\3.1.1\System.Xml.ReaderWriter.dll</ModulePath>
      <ModuleTime>2019-12-09T09:40:26Z</ModuleTime>
      <ModuleName>System.Xml.ReaderWriter</ModuleName>
      <Classes />
    </Module>
    <Module skippedDueTo="Filter" hash="76-B3-8B-2A-31-E1-F2-2D-97-5B-8E-92-73-70-7A-8F-72-E4-44-63">
      <ModulePath>C:\Program Files\dotnet\shared\Microsoft.NETCore.App\3.1.1\System.Private.Xml.dll</ModulePath>
      <ModuleTime>2019-12-09T09:39:56Z</ModuleTime>
      <ModuleName>System.Private.Xml</ModuleName>
      <Classes />
    </Module>
    <Module skippedDueTo="MissingPdb" hash="6F-13-4C-60-9C-BE-3F-0E-05-2E-A5-D4-0D-41-3F-C7-FF-52-70-2E">
      <ModulePath>C:\Program Files\dotnet\sdk\3.1.101\Microsoft.TestPlatform.PlatformAbstractions.dll</ModulePath>
      <ModuleTime>2019-12-20T04:32:24Z</ModuleTime>
      <ModuleName>Microsoft.TestPlatform.PlatformAbstractions</ModuleName>
      <Classes />
    </Module>
    <Module skippedDueTo="MissingPdb" hash="82-EA-07-24-3A-6F-5A-1E-6B-83-3D-53-F8-78-E2-13-3B-0C-20-B4">
      <ModulePath>C:\Program Files\dotnet\sdk\3.1.101\Microsoft.TestPlatform.Utilities.dll</ModulePath>
      <ModuleTime>2019-12-20T04:32:32Z</ModuleTime>
      <ModuleName>Microsoft.TestPlatform.Utilities</ModuleName>
      <Classes />
    </Module>
    <Module skippedDueTo="Filter" hash="CE-5F-A9-D3-D8-4F-06-37-AE-9B-FA-4F-E5-3E-1E-03-B4-77-86-78">
      <ModulePath>C:\Program Files\dotnet\shared\Microsoft.NETCore.App\3.1.1\System.Runtime.InteropServices.RuntimeInformation.dll</ModulePath>
      <ModuleTime>2019-12-09T09:39:58Z</ModuleTime>
      <ModuleName>System.Runtime.InteropServices.RuntimeInformation</ModuleName>
      <Classes />
    </Module>
    <Module skippedDueTo="MissingPdb" hash="03-28-A9-BB-FA-B4-8F-A7-A3-77-17-9E-21-77-4B-F5-EA-93-2D-F2">
      <ModulePath>C:\Program Files\dotnet\sdk\3.1.101\NuGet.Frameworks.dll</ModulePath>
      <ModuleTime>2019-12-20T04:32:38Z</ModuleTime>
      <ModuleName>NuGet.Frameworks</ModuleName>
      <Classes />
    </Module>
    <Module skippedDueTo="Filter" hash="A1-DB-CA-49-E5-DE-15-8A-D1-27-A7-83-3B-06-C2-FD-AA-93-97-7F">
      <ModulePath>C:\Program Files\dotnet\shared\Microsoft.NETCore.App\3.1.1\System.Private.Uri.dll</ModulePath>
      <ModuleTime>2019-12-09T09:39:54Z</ModuleTime>
      <ModuleName>System.Private.Uri</ModuleName>
      <Classes />
    </Module>
    <Module skippedDueTo="Filter" hash="02-FD-78-B1-DD-78-9E-C7-C1-D1-B6-B0-23-9A-FB-A3-98-A6-F6-E5">
      <ModulePath>C:\Program Files\dotnet\shared\Microsoft.NETCore.App\3.1.1\System.Memory.dll</ModulePath>
      <ModuleTime>2019-12-09T09:40:08Z</ModuleTime>
      <ModuleName>System.Memory</ModuleName>
      <Classes />
    </Module>
    <Module skippedDueTo="Filter" hash="9C-AF-40-D7-E0-8E-7D-55-6A-EE-BE-9D-81-85-5F-70-4C-43-3E-8F">
      <ModulePath>C:\Program Files\dotnet\shared\Microsoft.NETCore.App\3.1.1\System.Security.Cryptography.Algorithms.dll</ModulePath>
      <ModuleTime>2019-12-09T09:40:02Z</ModuleTime>
      <ModuleName>System.Security.Cryptography.Algorithms</ModuleName>
      <Classes />
    </Module>
    <Module skippedDueTo="Filter" hash="D5-25-D8-6D-DE-16-5A-C7-FB-B9-80-19-52-8F-6A-37-88-78-DA-AA">
      <ModulePath>C:\Program Files\dotnet\shared\Microsoft.NETCore.App\3.1.1\System.Diagnostics.TraceSource.dll</ModulePath>
      <ModuleTime>2019-12-09T09:40:08Z</ModuleTime>
      <ModuleName>System.Diagnostics.TraceSource</ModuleName>
      <Classes />
    </Module>
    <Module skippedDueTo="Filter" hash="03-77-DB-FC-14-D5-51-16-64-85-02-C3-8C-75-4C-BB-2E-67-53-7B">
      <ModulePath>C:\Program Files\dotnet\shared\Microsoft.NETCore.App\3.1.1\System.Threading.ThreadPool.dll</ModulePath>
      <ModuleTime>2019-12-09T09:40:26Z</ModuleTime>
      <ModuleName>System.Threading.ThreadPool</ModuleName>
      <Classes />
    </Module>
    <Module skippedDueTo="Filter" hash="49-AA-09-7E-08-21-F3-64-A1-95-BC-6F-B6-DA-5F-6A-14-4F-DC-60">
      <ModulePath>C:\Program Files\dotnet\shared\Microsoft.NETCore.App\3.1.1\System.Collections.NonGeneric.dll</ModulePath>
      <ModuleTime>2019-12-09T09:39:56Z</ModuleTime>
      <ModuleName>System.Collections.NonGeneric</ModuleName>
      <Classes />
    </Module>
    <Module skippedDueTo="MissingPdb" hash="A0-6E-A1-BC-AF-8B-5D-CE-6F-24-75-F1-8F-35-DD-AC-0C-BF-A2-67">
      <ModulePath>C:\Program Files\dotnet\sdk\3.1.101\Microsoft.Extensions.FileSystemGlobbing.dll</ModulePath>
      <ModuleTime>2019-12-20T04:32:38Z</ModuleTime>
      <ModuleName>Microsoft.Extensions.FileSystemGlobbing</ModuleName>
      <Classes />
    </Module>
    <Module skippedDueTo="MissingPdb" hash="1D-35-6A-1A-0C-00-98-D6-0A-7D-07-A0-8A-BE-09-EB-83-90-9F-1B">
      <ModulePath>C:\Program Files\dotnet\sdk\3.1.101\Microsoft.TestPlatform.CrossPlatEngine.dll</ModulePath>
      <ModuleTime>2019-12-20T04:32:28Z</ModuleTime>
      <ModuleName>Microsoft.TestPlatform.CrossPlatEngine</ModuleName>
      <Classes />
    </Module>
    <Module skippedDueTo="Filter" hash="20-E4-29-5C-AD-EA-20-F7-EB-91-43-9A-0D-AC-E8-1B-3C-49-6C-40">
      <ModulePath>C:\Program Files\dotnet\shared\Microsoft.NETCore.App\3.1.1\System.Runtime.Loader.dll</ModulePath>
      <ModuleTime>2019-12-09T09:40:00Z</ModuleTime>
      <ModuleName>System.Runtime.Loader</ModuleName>
      <Classes />
    </Module>
    <Module skippedDueTo="MissingPdb" hash="CE-6F-A6-A1-E9-78-08-63-14-76-8E-10-65-9D-4C-5E-CE-91-13-39">
      <ModulePath>C:\Program Files\dotnet\sdk\3.1.101\Extensions\Microsoft.TestPlatform.Extensions.BlameDataCollector.dll</ModulePath>
      <ModuleTime>2019-12-20T04:32:00Z</ModuleTime>
      <ModuleName>Microsoft.TestPlatform.Extensions.BlameDataCollector</ModuleName>
      <Classes />
    </Module>
    <Module skippedDueTo="MissingPdb" hash="26-8E-67-2F-F9-B2-58-15-79-C3-30-51-AF-DF-A6-AE-93-9D-A1-79">
      <ModulePath>C:\Program Files\dotnet\sdk\3.1.101\Extensions\Microsoft.TestPlatform.Extensions.EventLogCollector.dll</ModulePath>
      <ModuleTime>2019-09-19T11:32:14Z</ModuleTime>
      <ModuleName>Microsoft.TestPlatform.Extensions.EventLogCollector</ModuleName>
      <Classes />
    </Module>
    <Module skippedDueTo="Filter" hash="AA-B7-09-DD-FB-08-41-1C-FE-DD-92-6D-89-D0-A8-25-EF-11-34-C0">
      <ModulePath>C:\Program Files\dotnet\shared\Microsoft.NETCore.App\3.1.1\mscorlib.dll</ModulePath>
      <ModuleTime>2019-12-08T22:31:44Z</ModuleTime>
      <ModuleName>mscorlib</ModuleName>
      <Classes />
    </Module>
    <Module skippedDueTo="Filter" hash="85-07-D5-5D-5B-FC-21-81-E5-A7-AA-D3-4F-B0-95-78-56-23-98-FA">
      <ModulePath>C:\Program Files\dotnet\shared\Microsoft.NETCore.App\3.1.1\System.Xml.dll</ModulePath>
      <ModuleTime>2019-12-09T09:40:26Z</ModuleTime>
      <ModuleName>System.Xml</ModuleName>
      <Classes />
    </Module>
    <Module skippedDueTo="MissingPdb" hash="57-22-F4-A7-FE-D9-C5-79-57-D3-9A-67-08-22-36-48-F4-F8-33-16">
      <ModulePath>C:\Program Files\dotnet\sdk\3.1.101\Extensions\Microsoft.TestPlatform.TestHostRuntimeProvider.dll</ModulePath>
      <ModuleTime>2019-12-20T04:32:34Z</ModuleTime>
      <ModuleName>Microsoft.TestPlatform.TestHostRuntimeProvider</ModuleName>
      <Classes />
    </Module>
    <Module skippedDueTo="Filter" hash="F9-64-1E-55-2D-9C-5D-82-69-A6-84-14-0D-0F-D7-44-B3-5C-A7-06">
      <ModulePath>C:\Program Files\dotnet\shared\Microsoft.NETCore.App\3.1.1\System.Threading.Tasks.dll</ModulePath>
      <ModuleTime>2019-12-09T09:40:34Z</ModuleTime>
      <ModuleName>System.Threading.Tasks</ModuleName>
      <Classes />
    </Module>
    <Module skippedDueTo="MissingPdb" hash="13-C5-12-23-05-EB-02-FF-B2-E5-32-71-18-2F-9E-9C-DD-A2-23-4C">
      <ModulePath>C:\Program Files\dotnet\sdk\3.1.101\Extensions\Microsoft.VisualStudio.TestPlatform.Extensions.Html.TestLogger.dll</ModulePath>
      <ModuleTime>2019-12-20T04:32:02Z</ModuleTime>
      <ModuleName>Microsoft.VisualStudio.TestPlatform.Extensions.Html.TestLogger</ModuleName>
      <Classes />
    </Module>
    <Module skippedDueTo="MissingPdb" hash="55-32-97-2D-60-7D-DB-D6-F9-95-19-7A-4A-E2-C3-1B-87-B7-C3-79">
      <ModulePath>C:\Program Files\dotnet\sdk\3.1.101\Extensions\Microsoft.VisualStudio.TestPlatform.Extensions.Trx.TestLogger.dll</ModulePath>
      <ModuleTime>2019-12-20T04:32:28Z</ModuleTime>
      <ModuleName>Microsoft.VisualStudio.TestPlatform.Extensions.Trx.TestLogger</ModuleName>
      <Classes />
    </Module>
    <Module skippedDueTo="Filter" hash="12-F1-70-D9-0A-18-39-5C-75-1D-25-44-E5-AC-87-40-FE-83-04-E8">
      <ModulePath>C:\Program Files\dotnet\shared\Microsoft.NETCore.App\3.1.1\System.Reflection.Metadata.dll</ModulePath>
      <ModuleTime>2019-12-09T09:40:36Z</ModuleTime>
      <ModuleName>System.Reflection.Metadata</ModuleName>
      <Classes />
    </Module>
    <Module skippedDueTo="Filter" hash="DA-DE-69-79-37-98-B1-CA-04-44-43-FE-4A-FD-E3-C9-B5-CC-19-CA">
      <ModulePath>C:\Program Files\dotnet\shared\Microsoft.NETCore.App\3.1.1\System.Collections.Immutable.dll</ModulePath>
      <ModuleTime>2019-12-09T09:40:34Z</ModuleTime>
      <ModuleName>System.Collections.Immutable</ModuleName>
      <Classes />
    </Module>
    <Module skippedDueTo="MissingPdb" hash="5A-53-4F-48-AF-B1-EB-60-21-87-B1-28-94-0A-4B-2D-BB-CE-B3-2D">
      <ModulePath>C:\Program Files\dotnet\shared\Microsoft.NETCore.App\3.1.1\Microsoft.Win32.Primitives.dll</ModulePath>
      <ModuleTime>2019-12-09T09:39:56Z</ModuleTime>
      <ModuleName>Microsoft.Win32.Primitives</ModuleName>
      <Classes />
    </Module>
    <Module skippedDueTo="MissingPdb" hash="3F-57-4D-43-06-A0-2E-31-79-1E-ED-1C-4D-37-9B-40-5D-4D-D7-16">
      <ModulePath>C:\Program Files\dotnet\sdk\3.1.101\Microsoft.TestPlatform.CommunicationUtilities.dll</ModulePath>
      <ModuleTime>2019-12-20T04:32:04Z</ModuleTime>
      <ModuleName>Microsoft.TestPlatform.CommunicationUtilities</ModuleName>
      <Classes />
    </Module>
    <Module skippedDueTo="MissingPdb" hash="D0-D6-02-0D-1E-72-EF-FA-35-D7-EB-ED-21-5E-50-93-EF-7A-F4-6C">
      <ModulePath>C:\Program Files\dotnet\sdk\3.1.101\Newtonsoft.Json.dll</ModulePath>
      <ModuleTime>2019-12-20T04:31:52Z</ModuleTime>
      <ModuleName>Newtonsoft.Json</ModuleName>
      <Classes />
    </Module>
    <Module skippedDueTo="Filter" hash="98-61-0B-75-C8-30-E0-AD-6C-F8-89-F2-13-CA-1B-A4-AC-29-7A-6C">
      <ModulePath>C:\Program Files\dotnet\shared\Microsoft.NETCore.App\3.1.1\System.Runtime.Serialization.Formatters.dll</ModulePath>
      <ModuleTime>2019-12-09T09:40:36Z</ModuleTime>
      <ModuleName>System.Runtime.Serialization.Formatters</ModuleName>
      <Classes />
    </Module>
    <Module skippedDueTo="Filter" hash="B0-17-92-AC-BB-F5-22-8A-22-BB-36-8A-C4-74-61-16-A1-F1-A5-17">
      <ModulePath>C:\Program Files\dotnet\shared\Microsoft.NETCore.App\3.1.1\System.Collections.Concurrent.dll</ModulePath>
      <ModuleTime>2019-12-09T09:39:56Z</ModuleTime>
      <ModuleName>System.Collections.Concurrent</ModuleName>
      <Classes />
    </Module>
    <Module skippedDueTo="Filter" hash="5D-87-E8-9C-AD-E0-CD-8D-80-D6-09-41-BD-4A-7B-BC-5F-20-2E-5E">
      <ModulePath>C:\Program Files\dotnet\shared\Microsoft.NETCore.App\3.1.1\System.Threading.Timer.dll</ModulePath>
      <ModuleTime>2019-12-09T09:39:54Z</ModuleTime>
      <ModuleName>System.Threading.Timer</ModuleName>
      <Classes />
    </Module>
    <Module skippedDueTo="Filter" hash="18-FA-0D-95-F1-C9-6C-5F-3D-ED-64-F5-E7-EA-F2-93-72-0C-61-3D">
      <ModulePath>C:\Program Files\dotnet\shared\Microsoft.NETCore.App\3.1.1\System.Net.Primitives.dll</ModulePath>
      <ModuleTime>2019-12-09T09:39:54Z</ModuleTime>
      <ModuleName>System.Net.Primitives</ModuleName>
      <Classes />
    </Module>
    <Module skippedDueTo="Filter" hash="C7-D3-F3-7A-48-47-11-9F-C2-F9-13-66-EA-B5-D6-3D-55-B9-84-22">
      <ModulePath>C:\Program Files\dotnet\shared\Microsoft.NETCore.App\3.1.1\System.Net.Sockets.dll</ModulePath>
      <ModuleTime>2019-12-09T09:39:58Z</ModuleTime>
      <ModuleName>System.Net.Sockets</ModuleName>
      <Classes />
    </Module>
    <Module skippedDueTo="Filter" hash="95-BF-E0-EF-5B-E7-8C-85-01-46-96-EC-75-69-2F-30-93-7C-60-35">
      <ModulePath>C:\Program Files\dotnet\shared\Microsoft.NETCore.App\3.1.1\System.Threading.Overlapped.dll</ModulePath>
      <ModuleTime>2019-12-09T09:40:10Z</ModuleTime>
      <ModuleName>System.Threading.Overlapped</ModuleName>
      <Classes />
    </Module>
    <Module skippedDueTo="Filter" hash="87-F8-C6-FF-25-C3-3B-82-BB-F1-23-76-08-22-22-37-9C-C7-7D-DC">
      <ModulePath>C:\Program Files\dotnet\shared\Microsoft.NETCore.App\3.1.1\System.Net.NameResolution.dll</ModulePath>
      <ModuleTime>2019-12-09T09:40:38Z</ModuleTime>
      <ModuleName>System.Net.NameResolution</ModuleName>
      <Classes />
    </Module>
    <Module skippedDueTo="MissingPdb" hash="8B-BF-45-5B-30-8B-EF-57-2D-E2-D6-C0-10-72-FC-8E-BD-E1-94-AD">
      <ModulePath>C:\Program Files\dotnet\sdk\3.1.101\Microsoft.Extensions.DependencyModel.dll</ModulePath>
      <ModuleTime>2019-12-20T04:32:04Z</ModuleTime>
      <ModuleName>Microsoft.Extensions.DependencyModel</ModuleName>
      <Classes />
    </Module>
    <Module skippedDueTo="Filter" hash="24-7F-75-4C-5B-7C-D3-B7-52-3F-7F-21-6C-28-29-FF-18-EA-2A-A2">
      <ModulePath>C:\Program Files\dotnet\shared\Microsoft.NETCore.App\3.1.1\System.Linq.Expressions.dll</ModulePath>
      <ModuleTime>2019-12-09T09:40:12Z</ModuleTime>
      <ModuleName>System.Linq.Expressions</ModuleName>
      <Classes />
    </Module>
    <Module skippedDueTo="Filter" hash="89-99-BB-FA-78-89-D1-A8-BB-F8-EE-D4-36-89-85-28-3A-00-0E-EE">
      <ModulePath>C:\Program Files\dotnet\shared\Microsoft.NETCore.App\3.1.1\System.ComponentModel.TypeConverter.dll</ModulePath>
      <ModuleTime>2019-12-09T09:40:34Z</ModuleTime>
      <ModuleName>System.ComponentModel.TypeConverter</ModuleName>
      <Classes />
    </Module>
    <Module skippedDueTo="Filter" hash="58-2E-40-A4-98-FD-50-AE-64-F0-19-8E-9E-B2-4B-5A-67-66-01-7A">
      <ModulePath>C:\Program Files\dotnet\shared\Microsoft.NETCore.App\3.1.1\System.ObjectModel.dll</ModulePath>
      <ModuleTime>2019-12-09T09:39:54Z</ModuleTime>
      <ModuleName>System.ObjectModel</ModuleName>
      <Classes />
    </Module>
    <Module skippedDueTo="Filter" hash="B3-EF-49-CE-72-BC-72-30-16-64-3F-F6-65-73-C2-FC-8C-8D-62-30">
      <ModulePath>C:\Program Files\dotnet\shared\Microsoft.NETCore.App\3.1.1\System.Text.Json.dll</ModulePath>
      <ModuleTime>2019-12-09T09:40:04Z</ModuleTime>
      <ModuleName>System.Text.Json</ModuleName>
      <Classes />
    </Module>
    <Module skippedDueTo="Filter" hash="FC-88-C2-48-B1-32-80-2D-6A-AC-48-B8-59-A8-F8-B0-DC-CC-A4-DB">
      <ModulePath>C:\Program Files\dotnet\shared\Microsoft.NETCore.App\3.1.1\System.Buffers.dll</ModulePath>
      <ModuleTime>2019-12-09T09:39:58Z</ModuleTime>
      <ModuleName>System.Buffers</ModuleName>
      <Classes />
    </Module>
    <Module skippedDueTo="Filter" hash="92-BA-53-E7-E1-15-AB-FA-47-F7-C9-76-E0-A3-56-9F-E4-39-43-15">
      <ModulePath>C:\Program Files\dotnet\shared\Microsoft.NETCore.App\3.1.1\System.Numerics.Vectors.dll</ModulePath>
      <ModuleTime>2019-12-09T09:39:58Z</ModuleTime>
      <ModuleName>System.Numerics.Vectors</ModuleName>
      <Classes />
    </Module>
    <Module skippedDueTo="Filter" hash="BE-9A-5D-A1-AA-13-AC-DA-D5-C1-FE-D2-21-5E-D6-EF-46-17-D8-BF">
      <ModulePath>C:\Program Files\dotnet\shared\Microsoft.NETCore.App\3.1.1\System.Runtime.CompilerServices.Unsafe.dll</ModulePath>
      <ModuleTime>2019-12-09T09:40:36Z</ModuleTime>
      <ModuleName>System.Runtime.CompilerServices.Unsafe</ModuleName>
      <Classes />
    </Module>
    <Module skippedDueTo="Filter" hash="9E-DA-78-14-0A-C5-AB-B7-4F-89-4F-47-02-8F-3B-CF-88-0B-07-5D">
      <ModulePath>C:\Program Files\dotnet\shared\Microsoft.NETCore.App\3.1.1\System.Runtime.Numerics.dll</ModulePath>
      <ModuleTime>2019-12-09T09:40:06Z</ModuleTime>
      <ModuleName>System.Runtime.Numerics</ModuleName>
      <Classes />
    </Module>
    <Module skippedDueTo="Filter" hash="BA-A1-94-4D-72-3E-EF-49-B2-32-E7-EE-9F-B3-FC-AD-62-1A-F8-91">
      <ModulePath>C:\Program Files\dotnet\shared\Microsoft.NETCore.App\3.1.1\System.Private.CoreLib.dll</ModulePath>
      <ModuleTime>2019-12-07T22:40:56Z</ModuleTime>
      <ModuleName>System.Private.CoreLib</ModuleName>
      <Classes />
    </Module>
    <Module skippedDueTo="MissingPdb" hash="70-DD-87-21-D4-27-59-F1-2C-86-9F-AF-78-F6-FE-D6-13-25-AC-43">
      <ModulePath>C:\Users\Echo\OneDrive\Documents\repo\fileparser\FileParserAppTest\FileParserAppTest\bin\Debug\netcoreapp3.1\testhost.dll</ModulePath>
      <ModuleTime>2019-10-25T06:20:02Z</ModuleTime>
      <ModuleName>testhost</ModuleName>
      <Classes />
    </Module>
    <Module skippedDueTo="Filter" hash="7A-56-D1-54-BC-15-85-39-DA-17-17-FE-FB-38-15-4B-78-98-E5-80">
      <ModulePath>C:\Program Files\dotnet\shared\Microsoft.NETCore.App\3.1.1\System.Runtime.dll</ModulePath>
      <ModuleTime>2019-12-09T09:39:56Z</ModuleTime>
      <ModuleName>System.Runtime</ModuleName>
      <Classes />
    </Module>
    <Module skippedDueTo="MissingPdb" hash="82-51-73-4E-B7-D2-16-2E-C0-8E-C4-E6-62-93-07-C8-18-AE-1F-E3">
      <ModulePath>C:\Users\Echo\OneDrive\Documents\repo\fileparser\FileParserAppTest\FileParserAppTest\bin\Debug\netcoreapp3.1\Microsoft.TestPlatform.CoreUtilities.dll</ModulePath>
      <ModuleTime>2019-10-25T06:20:00Z</ModuleTime>
      <ModuleName>Microsoft.TestPlatform.CoreUtilities</ModuleName>
      <Classes />
    </Module>
    <Module skippedDueTo="MissingPdb" hash="2C-30-02-8C-B1-A2-1B-A0-1A-27-A6-24-3D-61-D5-E6-96-9D-4C-D8">
      <ModulePath>C:\Program Files\dotnet\shared\Microsoft.NETCore.App\3.1.1\netstandard.dll</ModulePath>
      <ModuleTime>2019-12-09T09:39:56Z</ModuleTime>
      <ModuleName>netstandard</ModuleName>
      <Classes />
    </Module>
    <Module skippedDueTo="Filter" hash="58-CE-28-9B-89-FC-5B-7D-F9-DF-DB-E2-82-9F-FB-C8-9A-65-2E-CD">
      <ModulePath>C:\Program Files\dotnet\shared\Microsoft.NETCore.App\3.1.1\System.Diagnostics.Tracing.dll</ModulePath>
      <ModuleTime>2019-12-09T09:40:34Z</ModuleTime>
      <ModuleName>System.Diagnostics.Tracing</ModuleName>
      <Classes />
    </Module>
    <Module skippedDueTo="MissingPdb" hash="3C-3B-BB-1E-4C-23-A0-8A-AE-82-07-50-C4-BD-55-77-FD-48-A8-43">
      <ModulePath>C:\Users\Echo\OneDrive\Documents\repo\fileparser\FileParserAppTest\FileParserAppTest\bin\Debug\netcoreapp3.1\Microsoft.TestPlatform.PlatformAbstractions.dll</ModulePath>
      <ModuleTime>2019-10-25T06:20:00Z</ModuleTime>
      <ModuleName>Microsoft.TestPlatform.PlatformAbstractions</ModuleName>
      <Classes />
    </Module>
    <Module skippedDueTo="Filter" hash="58-49-87-1F-73-BC-F4-63-E6-DC-16-9A-68-00-73-51-18-DF-4D-63">
      <ModulePath>C:\Program Files\dotnet\shared\Microsoft.NETCore.App\3.1.1\System.Runtime.Extensions.dll</ModulePath>
      <ModuleTime>2019-12-09T09:40:00Z</ModuleTime>
      <ModuleName>System.Runtime.Extensions</ModuleName>
      <Classes />
    </Module>
    <Module skippedDueTo="Filter" hash="46-D5-F8-2E-9F-A9-78-CB-94-2A-A7-6D-1A-4D-01-4A-E0-12-4B-7F">
      <ModulePath>C:\Program Files\dotnet\shared\Microsoft.NETCore.App\3.1.1\System.Diagnostics.Debug.dll</ModulePath>
      <ModuleTime>2019-12-09T09:40:04Z</ModuleTime>
      <ModuleName>System.Diagnostics.Debug</ModuleName>
      <Classes />
    </Module>
    <Module skippedDueTo="Filter" hash="7F-B3-05-BA-78-7B-90-86-20-73-A9-0B-A4-53-AD-F9-35-89-0E-88">
      <ModulePath>C:\Program Files\dotnet\shared\Microsoft.NETCore.App\3.1.1\System.Collections.dll</ModulePath>
      <ModuleTime>2019-12-09T09:40:36Z</ModuleTime>
      <ModuleName>System.Collections</ModuleName>
      <Classes />
    </Module>
    <Module skippedDueTo="MissingPdb" hash="A3-8E-CE-5F-4A-F0-53-BF-7A-86-29-F3-60-31-4E-C2-C7-92-64-BF">
      <ModulePath>C:\Users\Echo\OneDrive\Documents\repo\fileparser\FileParserAppTest\FileParserAppTest\bin\Debug\netcoreapp3.1\Microsoft.TestPlatform.CrossPlatEngine.dll</ModulePath>
      <ModuleTime>2019-10-25T06:20:02Z</ModuleTime>
      <ModuleName>Microsoft.TestPlatform.CrossPlatEngine</ModuleName>
      <Classes />
    </Module>
    <Module skippedDueTo="MissingPdb" hash="3A-01-82-3D-B5-F1-23-E3-44-29-52-01-DD-EB-29-DB-C4-C5-8C-CE">
      <ModulePath>C:\Users\Echo\OneDrive\Documents\repo\fileparser\FileParserAppTest\FileParserAppTest\bin\Debug\netcoreapp3.1\Microsoft.TestPlatform.CommunicationUtilities.dll</ModulePath>
      <ModuleTime>2019-10-25T06:20:02Z</ModuleTime>
      <ModuleName>Microsoft.TestPlatform.CommunicationUtilities</ModuleName>
      <Classes />
    </Module>
    <Module skippedDueTo="MissingPdb" hash="51-13-D1-D9-16-6E-B7-32-DA-55-E3-B7-9D-7A-18-56-62-3D-30-3F">
      <ModulePath>C:\Users\Echo\OneDrive\Documents\repo\fileparser\FileParserAppTest\FileParserAppTest\bin\Debug\netcoreapp3.1\Microsoft.VisualStudio.TestPlatform.ObjectModel.dll</ModulePath>
      <ModuleTime>2019-10-25T06:20:00Z</ModuleTime>
      <ModuleName>Microsoft.VisualStudio.TestPlatform.ObjectModel</ModuleName>
      <Classes />
    </Module>
    <Module skippedDueTo="MissingPdb" hash="8C-92-D8-11-B9-57-FB-91-AB-D6-D1-EA-9E-0B-7D-0C-F1-03-BC-6E">
      <ModulePath>C:\Users\Echo\OneDrive\Documents\repo\fileparser\FileParserAppTest\FileParserAppTest\bin\Debug\netcoreapp3.1\Microsoft.VisualStudio.TestPlatform.Common.dll</ModulePath>
      <ModuleTime>2019-10-25T06:20:02Z</ModuleTime>
      <ModuleName>Microsoft.VisualStudio.TestPlatform.Common</ModuleName>
      <Classes />
    </Module>
    <Module skippedDueTo="MissingPdb" hash="9A-51-33-F9-31-5A-A7-6E-D0-ED-13-2F-C4-A6-4B-41-D9-50-E7-74">
      <ModulePath>C:\Users\Echo\OneDrive\Documents\repo\fileparser\FileParserAppTest\FileParserAppTest\bin\Debug\netcoreapp3.1\Newtonsoft.Json.dll</ModulePath>
      <ModuleTime>2018-03-24T22:44:14Z</ModuleTime>
      <ModuleName>Newtonsoft.Json</ModuleName>
      <Classes />
    </Module>
    <Module skippedDueTo="Filter" hash="98-61-0B-75-C8-30-E0-AD-6C-F8-89-F2-13-CA-1B-A4-AC-29-7A-6C">
      <ModulePath>C:\Program Files\dotnet\shared\Microsoft.NETCore.App\3.1.1\System.Runtime.Serialization.Formatters.dll</ModulePath>
      <ModuleTime>2019-12-09T09:40:36Z</ModuleTime>
      <ModuleName>System.Runtime.Serialization.Formatters</ModuleName>
      <Classes />
    </Module>
    <Module skippedDueTo="Filter" hash="B0-17-92-AC-BB-F5-22-8A-22-BB-36-8A-C4-74-61-16-A1-F1-A5-17">
      <ModulePath>C:\Program Files\dotnet\shared\Microsoft.NETCore.App\3.1.1\System.Collections.Concurrent.dll</ModulePath>
      <ModuleTime>2019-12-09T09:39:56Z</ModuleTime>
      <ModuleName>System.Collections.Concurrent</ModuleName>
      <Classes />
    </Module>
    <Module skippedDueTo="Filter" hash="D5-25-D8-6D-DE-16-5A-C7-FB-B9-80-19-52-8F-6A-37-88-78-DA-AA">
      <ModulePath>C:\Program Files\dotnet\shared\Microsoft.NETCore.App\3.1.1\System.Diagnostics.TraceSource.dll</ModulePath>
      <ModuleTime>2019-12-09T09:40:08Z</ModuleTime>
      <ModuleName>System.Diagnostics.TraceSource</ModuleName>
      <Classes />
    </Module>
    <Module skippedDueTo="Filter" hash="A8-3F-3B-0D-FE-3C-B9-36-6E-33-0B-C3-CA-EE-8E-8A-E1-10-2A-F2">
      <ModulePath>C:\Program Files\dotnet\shared\Microsoft.NETCore.App\3.1.1\System.Threading.dll</ModulePath>
      <ModuleTime>2019-12-09T09:40:12Z</ModuleTime>
      <ModuleName>System.Threading</ModuleName>
      <Classes />
    </Module>
    <Module skippedDueTo="Filter" hash="73-45-14-55-A4-8E-EC-0A-1B-35-EF-E2-6D-BF-6C-6B-96-DA-7F-24">
      <ModulePath>C:\Program Files\dotnet\shared\Microsoft.NETCore.App\3.1.1\System.Diagnostics.Process.dll</ModulePath>
      <ModuleTime>2019-12-09T09:40:02Z</ModuleTime>
      <ModuleName>System.Diagnostics.Process</ModuleName>
      <Classes />
    </Module>
    <Module skippedDueTo="Filter" hash="9B-E9-31-17-1E-42-BF-69-F2-8E-74-6B-F8-6B-B7-D7-F7-77-11-7F">
      <ModulePath>C:\Program Files\dotnet\shared\Microsoft.NETCore.App\3.1.1\System.ComponentModel.Primitives.dll</ModulePath>
      <ModuleTime>2019-12-09T09:39:58Z</ModuleTime>
      <ModuleName>System.ComponentModel.Primitives</ModuleName>
      <Classes />
    </Module>
    <Module skippedDueTo="Filter" hash="02-FD-78-B1-DD-78-9E-C7-C1-D1-B6-B0-23-9A-FB-A3-98-A6-F6-E5">
      <ModulePath>C:\Program Files\dotnet\shared\Microsoft.NETCore.App\3.1.1\System.Memory.dll</ModulePath>
      <ModuleTime>2019-12-09T09:40:08Z</ModuleTime>
      <ModuleName>System.Memory</ModuleName>
      <Classes />
    </Module>
    <Module skippedDueTo="Filter" hash="03-77-DB-FC-14-D5-51-16-64-85-02-C3-8C-75-4C-BB-2E-67-53-7B">
      <ModulePath>C:\Program Files\dotnet\shared\Microsoft.NETCore.App\3.1.1\System.Threading.ThreadPool.dll</ModulePath>
      <ModuleTime>2019-12-09T09:40:26Z</ModuleTime>
      <ModuleName>System.Threading.ThreadPool</ModuleName>
      <Classes />
    </Module>
    <Module skippedDueTo="Filter" hash="54-E5-A6-FF-F6-8C-6A-7D-CE-D2-2A-BF-D5-6B-67-60-2D-88-A0-A6">
      <ModulePath>C:\Program Files\dotnet\shared\Microsoft.NETCore.App\3.1.1\System.Runtime.InteropServices.dll</ModulePath>
      <ModuleTime>2019-12-09T09:40:02Z</ModuleTime>
      <ModuleName>System.Runtime.InteropServices</ModuleName>
      <Classes />
    </Module>
    <Module skippedDueTo="MissingPdb" hash="5A-53-4F-48-AF-B1-EB-60-21-87-B1-28-94-0A-4B-2D-BB-CE-B3-2D">
      <ModulePath>C:\Program Files\dotnet\shared\Microsoft.NETCore.App\3.1.1\Microsoft.Win32.Primitives.dll</ModulePath>
      <ModuleTime>2019-12-09T09:39:56Z</ModuleTime>
      <ModuleName>Microsoft.Win32.Primitives</ModuleName>
      <Classes />
    </Module>
    <Module skippedDueTo="Filter" hash="18-FA-0D-95-F1-C9-6C-5F-3D-ED-64-F5-E7-EA-F2-93-72-0C-61-3D">
      <ModulePath>C:\Program Files\dotnet\shared\Microsoft.NETCore.App\3.1.1\System.Net.Primitives.dll</ModulePath>
      <ModuleTime>2019-12-09T09:39:54Z</ModuleTime>
      <ModuleName>System.Net.Primitives</ModuleName>
      <Classes />
    </Module>
    <Module skippedDueTo="Filter" hash="F9-64-1E-55-2D-9C-5D-82-69-A6-84-14-0D-0F-D7-44-B3-5C-A7-06">
      <ModulePath>C:\Program Files\dotnet\shared\Microsoft.NETCore.App\3.1.1\System.Threading.Tasks.dll</ModulePath>
      <ModuleTime>2019-12-09T09:40:34Z</ModuleTime>
      <ModuleName>System.Threading.Tasks</ModuleName>
      <Classes />
    </Module>
    <Module skippedDueTo="Filter" hash="C7-D3-F3-7A-48-47-11-9F-C2-F9-13-66-EA-B5-D6-3D-55-B9-84-22">
      <ModulePath>C:\Program Files\dotnet\shared\Microsoft.NETCore.App\3.1.1\System.Net.Sockets.dll</ModulePath>
      <ModuleTime>2019-12-09T09:39:58Z</ModuleTime>
      <ModuleName>System.Net.Sockets</ModuleName>
      <Classes />
    </Module>
    <Module skippedDueTo="Filter" hash="95-BF-E0-EF-5B-E7-8C-85-01-46-96-EC-75-69-2F-30-93-7C-60-35">
      <ModulePath>C:\Program Files\dotnet\shared\Microsoft.NETCore.App\3.1.1\System.Threading.Overlapped.dll</ModulePath>
      <ModuleTime>2019-12-09T09:40:10Z</ModuleTime>
      <ModuleName>System.Threading.Overlapped</ModuleName>
      <Classes />
    </Module>
    <Module skippedDueTo="Filter" hash="87-F8-C6-FF-25-C3-3B-82-BB-F1-23-76-08-22-22-37-9C-C7-7D-DC">
      <ModulePath>C:\Program Files\dotnet\shared\Microsoft.NETCore.App\3.1.1\System.Net.NameResolution.dll</ModulePath>
      <ModuleTime>2019-12-09T09:40:38Z</ModuleTime>
      <ModuleName>System.Net.NameResolution</ModuleName>
      <Classes />
    </Module>
    <Module skippedDueTo="Filter" hash="A1-DB-CA-49-E5-DE-15-8A-D1-27-A7-83-3B-06-C2-FD-AA-93-97-7F">
      <ModulePath>C:\Program Files\dotnet\shared\Microsoft.NETCore.App\3.1.1\System.Private.Uri.dll</ModulePath>
      <ModuleTime>2019-12-09T09:39:54Z</ModuleTime>
      <ModuleName>System.Private.Uri</ModuleName>
      <Classes />
    </Module>
    <Module skippedDueTo="Filter" hash="60-34-DF-B5-BF-6D-A3-2D-41-D2-11-56-0C-B6-52-0C-51-E7-A8-70">
[...]
              <Summary numSequencePoints="0" visitedSequencePoints="0" numBranchPoints="0" visitedBranchPoints="0" sequenceCoverage="0" branchCoverage="0" maxCyclomaticComplexity="1" minCyclomaticComplexity="1" maxCrapScore="2" minCrapScore="2" visitedClasses="0" numClasses="0" visitedMethods="0" numMethods="0" />
              <MetadataToken>100663314</MetadataToken>
              <Name>System.Void FileParser.RecordReader::.ctor()</Name>
              <SequencePoints />
              <BranchPoints />
              <MethodPoint vc="0" uspid="188" ordinal="0" offset="0" />
            </Method>
          </Methods>
        </Class>
        <Class>
          <Summary numSequencePoints="21" visitedSequencePoints="21" numBranchPoints="9" visitedBranchPoints="9" sequenceCoverage="100" branchCoverage="100" maxCyclomaticComplexity="11" minCyclomaticComplexity="1" maxCrapScore="11" minCrapScore="2" visitedClasses="1" numClasses="1" visitedMethods="1" numMethods="1" />
          <FullName>FileParser.RecordWriter</FullName>
          <Methods>
            <Method visited="true" cyclomaticComplexity="11" nPathComplexity="16" sequenceCoverage="100" branchCoverage="100" crapScore="11" isConstructor="false" isStatic="true" isGetter="false" isSetter="false">
              <Summary numSequencePoints="21" visitedSequencePoints="21" numBranchPoints="9" visitedBranchPoints="9" sequenceCoverage="100" branchCoverage="100" maxCyclomaticComplexity="11" minCyclomaticComplexity="11" maxCrapScore="11" minCrapScore="11" visitedClasses="0" numClasses="0" visitedMethods="1" numMethods="1" />
              <MetadataToken>100663315</MetadataToken>
              <Name>System.Void FileParser.RecordWriter::OutputRecords(System.Collections.Generic.List`1&lt;FileParser.Record&gt;)</Name>
              <FileRef uid="21" />
              <SequencePoints>
                <SequencePoint vc="2" uspid="189" ordinal="0" offset="0" sl="10" sc="9" el="10" ec="10" bec="0" bev="0" fileid="21" />
                <SequencePoint vc="2" uspid="190" ordinal="1" offset="1" sl="11" sc="13" el="11" ec="111" bec="0" bev="0" fileid="21" />
                <SequencePoint vc="2" uspid="191" ordinal="2" offset="12" sl="12" sc="13" el="12" ec="20" bec="0" bev="0" fileid="21" />
                <SequencePoint vc="2" uspid="192" ordinal="3" offset="13" sl="12" sc="37" el="12" ec="91" bec="4" bev="4" fileid="21" />
                <SequencePoint vc="3" uspid="193" ordinal="4" offset="94" sl="12" sc="22" el="12" ec="33" bec="0" bev="0" fileid="21" />
                <SequencePoint vc="3" uspid="194" ordinal="5" offset="101" sl="13" sc="17" el="13" ec="170" bec="0" bev="0" fileid="21" />
                <SequencePoint vc="5" uspid="195" ordinal="6" offset="181" sl="12" sc="34" el="12" ec="36" bec="0" bev="0" fileid="21" />
                <SequencePoint vc="2" uspid="196" ordinal="7" offset="202" sl="14" sc="13" el="14" ec="75" bec="0" bev="0" fileid="21" />
                <SequencePoint vc="2" uspid="197" ordinal="8" offset="213" sl="15" sc="13" el="15" ec="20" bec="0" bev="0" fileid="21" />
                <SequencePoint vc="2" uspid="198" ordinal="9" offset="214" sl="15" sc="37" el="15" ec="64" bec="2" bev="2" fileid="21" />
                <SequencePoint vc="3" uspid="199" ordinal="10" offset="259" sl="15" sc="22" el="15" ec="33" bec="0" bev="0" fileid="21" />
                <SequencePoint vc="3" uspid="200" ordinal="11" offset="267" sl="16" sc="17" el="16" ec="170" bec="0" bev="0" fileid="21" />
                <SequencePoint vc="5" uspid="201" ordinal="12" offset="352" sl="15" sc="34" el="15" ec="36" bec="0" bev="0" fileid="21" />
                <SequencePoint vc="2" uspid="202" ordinal="13" offset="373" sl="17" sc="13" el="17" ec="75" bec="0" bev="0" fileid="21" />
                <SequencePoint vc="2" uspid="203" ordinal="14" offset="384" sl="18" sc="13" el="18" ec="20" bec="0" bev="0" fileid="21" />
                <SequencePoint vc="2" uspid="204" ordinal="15" offset="385" sl="18" sc="37" el="18" ec="79" bec="2" bev="2" fileid="21" />
                <SequencePoint vc="3" uspid="205" ordinal="16" offset="431" sl="18" sc="22" el="18" ec="33" bec="0" bev="0" fileid="21" />
                <SequencePoint vc="3" uspid="206" ordinal="17" offset="440" sl="19" sc="17" el="19" ec="170" bec="0" bev="0" fileid="21" />
                <SequencePoint vc="5" uspid="207" ordinal="18" offset="525" sl="18" sc="34" el="18" ec="36" bec="0" bev="0" fileid="21" />
                <SequencePoint vc="2" uspid="208" ordinal="19" offset="549" sl="20" sc="13" el="20" ec="53" bec="0" bev="0" fileid="21" />
                <SequencePoint vc="2" uspid="209" ordinal="20" offset="560" sl="21" sc="9" el="21" ec="10" bec="0" bev="0" fileid="21" />
              </SequencePoints>
              <BranchPoints>
                <BranchPoint vc="1" uspid="210" ordinal="0" offset="20" sl="12" path="0" offsetend="22" fileid="21" />
                <BranchPoint vc="1" uspid="211" ordinal="1" offset="20" sl="12" path="1" offsetend="45" fileid="21" />
                <BranchPoint vc="1" uspid="212" ordinal="2" offset="56" sl="12" path="0" offsetend="58" fileid="21" />
                <BranchPoint vc="1" uspid="213" ordinal="3" offset="56" sl="12" path="1" offsetend="81" fileid="21" />
                <BranchPoint vc="1" uspid="216" ordinal="6" offset="221" sl="15" path="0" offsetend="223" fileid="21" />
                <BranchPoint vc="1" uspid="217" ordinal="7" offset="221" sl="15" path="1" offsetend="246" fileid="21" />
                <BranchPoint vc="1" uspid="220" ordinal="10" offset="392" sl="18" path="0" offsetend="394" fileid="21" />
                <BranchPoint vc="1" uspid="221" ordinal="11" offset="392" sl="18" path="1" offsetend="417" fileid="21" />
              </BranchPoints>
              <MethodPoint xsi:type="SequencePoint" vc="2" uspid="189" ordinal="0" offset="0" sl="10" sc="9" el="10" ec="10" bec="0" bev="0" fileid="21" />
            </Method>
            <Method visited="false" cyclomaticComplexity="1" nPathComplexity="0" sequenceCoverage="0" branchCoverage="0" crapScore="2" isConstructor="true" isStatic="false" isGetter="false" isSetter="false">
              <Summary numSequencePoints="0" visitedSequencePoints="0" numBranchPoints="0" visitedBranchPoints="0" sequenceCoverage="0" branchCoverage="0" maxCyclomaticComplexity="1" minCyclomaticComplexity="1" maxCrapScore="2" minCrapScore="2" visitedClasses="0" numClasses="0" visitedMethods="0" numMethods="0" />
              <MetadataToken>100663316</MetadataToken>
              <Name>System.Void FileParser.RecordWriter::.ctor()</Name>
              <SequencePoints />
              <BranchPoints />
              <MethodPoint vc="0" uspid="224" ordinal="0" offset="0" />
            </Method>
          </Methods>
        </Class>
        <Class>
          <Summary numSequencePoints="4" visitedSequencePoints="4" numBranchPoints="4" visitedBranchPoints="4" sequenceCoverage="100" branchCoverage="100" maxCyclomaticComplexity="1" minCyclomaticComplexity="1" maxCrapScore="2" minCrapScore="1" visitedClasses="1" numClasses="1" visitedMethods="4" numMethods="4" />
          <FullName>FileParser.RecordWriter/&lt;&gt;c</FullName>
          <Methods>
            <Method visited="false" cyclomaticComplexity="1" nPathComplexity="0" sequenceCoverage="0" branchCoverage="0" crapScore="2" isConstructor="true" isStatic="true" isGetter="false" isSetter="false">
              <Summary numSequencePoints="0" visitedSequencePoints="0" numBranchPoints="0" visitedBranchPoints="0" sequenceCoverage="0" branchCoverage="0" maxCyclomaticComplexity="1" minCyclomaticComplexity="1" maxCrapScore="2" minCrapScore="2" visitedClasses="0" numClasses="0" visitedMethods="0" numMethods="0" />
              <MetadataToken>100663317</MetadataToken>
              <Name>System.Void FileParser.RecordWriter/&lt;&gt;c::.cctor()</Name>
              <SequencePoints />
              <BranchPoints />
              <MethodPoint vc="0" uspid="225" ordinal="0" offset="0" />
            </Method>
            <Method visited="false" cyclomaticComplexity="1" nPathComplexity="0" sequenceCoverage="0" branchCoverage="0" crapScore="2" isConstructor="true" isStatic="false" isGetter="false" isSetter="false">
              <Summary numSequencePoints="0" visitedSequencePoints="0" numBranchPoints="0" visitedBranchPoints="0" sequenceCoverage="0" branchCoverage="0" maxCyclomaticComplexity="1" minCyclomaticComplexity="1" maxCrapScore="2" minCrapScore="2" visitedClasses="0" numClasses="0" visitedMethods="0" numMethods="0" />
              <MetadataToken>100663318</MetadataToken>
              <Name>System.Void FileParser.RecordWriter/&lt;&gt;c::.ctor()</Name>
              <SequencePoints />
              <BranchPoints />
              <MethodPoint vc="0" uspid="226" ordinal="0" offset="0" />
            </Method>
            <Method visited="true" cyclomaticComplexity="1" nPathComplexity="0" sequenceCoverage="100" branchCoverage="100" crapScore="1" isConstructor="false" isStatic="false" isGetter="false" isSetter="false">
              <Summary numSequencePoints="1" visitedSequencePoints="1" numBranchPoints="1" visitedBranchPoints="1" sequenceCoverage="100" branchCoverage="100" maxCyclomaticComplexity="1" minCyclomaticComplexity="1" maxCrapScore="1" minCrapScore="1" visitedClasses="0" numClasses="0" visitedMethods="1" numMethods="1" />
              <MetadataToken>100663319</MetadataToken>
              <Name>System.Char FileParser.RecordWriter/&lt;&gt;c::&lt;OutputRecords&gt;b__0_0(FileParser.Record)</Name>
              <FileRef uid="21" />
              <SequencePoints>
                <SequencePoint vc="3" uspid="227" ordinal="0" offset="0" sl="12" sc="58" el="12" ec="66" bec="0" bev="0" fileid="21" />
              </SequencePoints>
              <BranchPoints />
              <MethodPoint xsi:type="SequencePoint" vc="3" uspid="227" ordinal="0" offset="0" sl="12" sc="58" el="12" ec="66" bec="0" bev="0" fileid="21" />
            </Method>
            <Method visited="true" cyclomaticComplexity="1" nPathComplexity="0" sequenceCoverage="100" branchCoverage="100" crapScore="1" isConstructor="false" isStatic="false" isGetter="false" isSetter="false">
              <Summary numSequencePoints="1" visitedSequencePoints="1" numBranchPoints="1" visitedBranchPoints="1" sequenceCoverage="100" branchCoverage="100" maxCyclomaticComplexity="1" minCyclomaticComplexity="1" maxCrapScore="1" minCrapScore="1" visitedClasses="0" numClasses="0" visitedMethods="1" numMethods="1" />
              <MetadataToken>100663320</MetadataToken>
              <Name>System.String FileParser.RecordWriter/&lt;&gt;c::&lt;OutputRecords&gt;b__0_1(FileParser.Record)</Name>
              <FileRef uid="21" />
              <SequencePoints>
                <SequencePoint vc="3" uspid="228" ordinal="0" offset="0" sl="12" sc="80" el="12" ec="90" bec="0" bev="0" fileid="21" />
              </SequencePoints>
              <BranchPoints />
              <MethodPoint xsi:type="SequencePoint" vc="3" uspid="228" ordinal="0" offset="0" sl="12" sc="80" el="12" ec="90" bec="0" bev="0" fileid="21" />
            </Method>
            <Method visited="true" cyclomaticComplexity="1" nPathComplexity="0" sequenceCoverage="100" branchCoverage="100" crapScore="1" isConstructor="false" isStatic="false" isGetter="false" isSetter="false">
              <Summary numSequencePoints="1" visitedSequencePoints="1" numBranchPoints="1" visitedBranchPoints="1" sequenceCoverage="100" branchCoverage="100" maxCyclomaticComplexity="1" minCyclomaticComplexity="1" maxCrapScore="1" minCrapScore="1" visitedClasses="0" numClasses="0" visitedMethods="1" numMethods="1" />
              <MetadataToken>100663321</MetadataToken>
              <Name>System.DateTime FileParser.RecordWriter/&lt;&gt;c::&lt;OutputRecords&gt;b__0_2(FileParser.Record)</Name>
              <FileRef uid="21" />
              <SequencePoints>
                <SequencePoint vc="3" uspid="229" ordinal="0" offset="0" sl="15" sc="58" el="15" ec="63" bec="0" bev="0" fileid="21" />
              </SequencePoints>
              <BranchPoints />
              <MethodPoint xsi:type="SequencePoint" vc="3" uspid="229" ordinal="0" offset="0" sl="15" sc="58" el="15" ec="63" bec="0" bev="0" fileid="21" />
            </Method>
            <Method visited="true" cyclomaticComplexity="1" nPathComplexity="0" sequenceCoverage="100" branchCoverage="100" crapScore="1" isConstructor="false" isStatic="false" isGetter="false" isSetter="false">
              <Summary numSequencePoints="1" visitedSequencePoints="1" numBranchPoints="1" visitedBranchPoints="1" sequenceCoverage="100" branchCoverage="100" maxCyclomaticComplexity="1" minCyclomaticComplexity="1" maxCrapScore="1" minCrapScore="1" visitedClasses="0" numClasses="0" visitedMethods="1" numMethods="1" />
              <MetadataToken>100663322</MetadataToken>
              <Name>System.String FileParser.RecordWriter/&lt;&gt;c::&lt;OutputRecords&gt;b__0_3(FileParser.Record)</Name>
              <FileRef uid="21" />
              <SequencePoints>
                <SequencePoint vc="3" uspid="230" ordinal="0" offset="0" sl="18" sc="68" el="18" ec="78" bec="0" bev="0" fileid="21" />
              </SequencePoints>
              <BranchPoints />
              <MethodPoint xsi:type="SequencePoint" vc="3" uspid="230" ordinal="0" offset="0" sl="18" sc="68" el="18" ec="78" bec="0" bev="0" fileid="21" />
            </Method>
          </Methods>
        </Class>
      </Classes>
    </Module>
    <Module skippedDueTo="MissingPdb" hash="97-17-C8-07-04-23-44-AE-A6-56-8E-45-A5-80-19-74-5A-55-DE-75">
      <ModulePath>C:\Users\Echo\OneDrive\Documents\repo\fileparser\FileParserAppTest\FileParserAppTest\bin\Debug\netcoreapp3.1\Moq.dll</ModulePath>
      <ModuleTime>2019-10-19T23:29:44Z</ModuleTime>
      <ModuleName>Moq</ModuleName>
      <Classes />
    </Module>
    <Module skippedDueTo="MissingPdb" hash="FC-28-1E-95-36-5B-B8-46-54-70-ED-BD-F1-EF-9E-69-06-33-64-E9">
      <ModulePath>C:\Program Files\dotnet\shared\Microsoft.AspNetCore.App\3.1.1\Microsoft.AspNetCore.Http.Abstractions.dll</ModulePath>
      <ModuleTime>2019-12-16T08:20:02Z</ModuleTime>
      <ModuleName>Microsoft.AspNetCore.Http.Abstractions</ModuleName>
      <Classes />
    </Module>
    <Module skippedDueTo="Filter" hash="67-30-0C-C5-4F-88-16-9B-7E-2A-A6-2B-0C-4E-90-F9-84-ED-58-1E">
      <ModulePath>C:\Program Files\dotnet\shared\Microsoft.NETCore.App\3.1.1\System.Threading.Tasks.Extensions.dll</ModulePath>
      <ModuleTime>2019-12-09T09:40:10Z</ModuleTime>
      <ModuleName>System.Threading.Tasks.Extensions</ModuleName>
      <Classes />
    </Module>
    <Module skippedDueTo="MissingPdb" hash="1B-C8-5E-15-86-C8-33-45-A1-6A-73-C1-FC-AD-DF-63-1C-24-B8-23">
      <ModulePath>C:\Users\Echo\OneDrive\Documents\repo\fileparser\FileParserAppTest\FileParserAppTest\bin\Debug\netcoreapp3.1\Castle.Core.dll</ModulePath>
      <ModuleTime>2019-04-05T06:50:28Z</ModuleTime>
      <ModuleName>Castle.Core</ModuleName>
      <Classes />
    </Module>
    <Module skippedDueTo="Filter" hash="E9-3A-E8-80-5E-CA-83-2B-E8-0E-06-21-02-0A-12-F7-23-37-4F-89">
      <ModulePath>C:\Program Files\dotnet\shared\Microsoft.NETCore.App\3.1.1\System.Reflection.TypeExtensions.dll</ModulePath>
      <ModuleTime>2019-12-09T09:39:56Z</ModuleTime>
      <ModuleName>System.Reflection.TypeExtensions</ModuleName>
      <Classes />
    </Module>
    <Module skippedDueTo="MissingPdb" hash="A9-E6-49-2B-7F-69-7B-9A-57-F9-86-FA-98-F9-EF-94-1F-FC-AC-57">
      <ModulePath>C:\Program Files\dotnet\shared\Microsoft.AspNetCore.App\3.1.1\Microsoft.AspNetCore.Http.Features.dll</ModulePath>
      <ModuleTime>2019-12-16T08:20:06Z</ModuleTime>
      <ModuleName>Microsoft.AspNetCore.Http.Features</ModuleName>
      <Classes />
    </Module>
    <Module skippedDueTo="MissingPdb" hash="D3-EA-65-54-F2-52-B5-94-70-0D-2A-D1-9E-F1-83-AA-72-EA-99-F0">
      <ModulePath>C:\Program Files\dotnet\shared\Microsoft.AspNetCore.App\3.1.1\Microsoft.Extensions.Primitives.dll</ModulePath>
      <ModuleTime>2019-12-16T08:19:40Z</ModuleTime>
      <ModuleName>Microsoft.Extensions.Primitives</ModuleName>
      <Classes />
    </Module>
    <Module skippedDueTo="Filter" hash="7C-AC-40-75-85-A1-0A-EC-23-F8-C5-0D-26-C4-BC-43-A1-CB-F6-A5">
      <ModulePath>C:\Program Files\dotnet\shared\Microsoft.AspNetCore.App\3.1.1\System.IO.Pipelines.dll</ModulePath>
      <ModuleTime>2019-12-16T08:19:46Z</ModuleTime>
      <ModuleName>System.IO.Pipelines</ModuleName>
      <Classes />
    </Module>
    <Module skippedDueTo="Filter" hash="C2-42-54-77-18-FE-3E-E2-AE-9A-1E-87-6C-70-F3-6B-7B-52-D6-04">
      <ModulePath>C:\Program Files\dotnet\shared\Microsoft.NETCore.App\3.1.1\System.Reflection.Emit.dll</ModulePath>
      <ModuleTime>2019-12-09T09:39:54Z</ModuleTime>
      <ModuleName>System.Reflection.Emit</ModuleName>
      <Classes />
    </Module>
    <Module skippedDueTo="MissingPdb" hash="">
      <ModulePath>RefEmit_InMemoryManifestModule</ModulePath>
      <ModuleTime>0001-01-01T00:00:00</ModuleTime>
      <ModuleName>DynamicProxyGenAssembly2</ModuleName>
      <Classes />
    </Module>
    <Module skippedDueTo="Filter" hash="C6-1E-E9-70-08-99-FC-7C-56-FD-99-EA-B2-77-BA-86-EC-00-3E-CD">
      <ModulePath>C:\Program Files\dotnet\shared\Microsoft.NETCore.App\3.1.1\System.Security.Cryptography.Primitives.dll</ModulePath>
      <ModuleTime>2019-12-09T09:40:06Z</ModuleTime>
      <ModuleName>System.Security.Cryptography.Primitives</ModuleName>
      <Classes />
    </Module>
    <Module skippedDueTo="Filter" hash="3F-60-80-B6-DC-79-52-3D-EA-E3-9D-14-47-2C-8F-8F-44-37-CD-B6">
      <ModulePath>C:\Program Files\dotnet\shared\Microsoft.NETCore.App\3.1.1\System.Runtime.Serialization.Json.dll</ModulePath>
      <ModuleTime>2019-12-09T09:40:10Z</ModuleTime>
      <ModuleName>System.Runtime.Serialization.Json</ModuleName>
      <Classes />
    </Module>
    <Module skippedDueTo="Filter" hash="A9-DF-70-18-E4-FE-F0-01-A6-98-7B-5C-06-10-0C-4B-42-D1-6A-F6">
      <ModulePath>C:\Program Files\dotnet\shared\Microsoft.NETCore.App\3.1.1\System.Private.DataContractSerialization.dll</ModulePath>
      <ModuleTime>2019-12-09T09:40:38Z</ModuleTime>
      <ModuleName>System.Private.DataContractSerialization</ModuleName>
      <Classes />
    </Module>
    <Module skippedDueTo="Filter" hash="ED-F7-FF-ED-BC-0A-E1-FC-10-01-2A-72-E4-8C-47-14-34-4D-61-89">
      <ModulePath>C:\Program Files\dotnet\shared\Microsoft.NETCore.App\3.1.1\System.Runtime.Serialization.Xml.dll</ModulePath>
      <ModuleTime>2019-12-09T09:40:00Z</ModuleTime>
      <ModuleName>System.Runtime.Serialization.Xml</ModuleName>
      <Classes />
    </Module>
    <Module skippedDueTo="Filter" hash="0A-2F-ED-78-BD-C3-89-28-67-8C-34-6A-6A-42-E0-93-AB-02-7C-5A">
      <ModulePath>C:\Program Files\dotnet\shared\Microsoft.NETCore.App\3.1.1\System.Text.RegularExpressions.dll</ModulePath>
      <ModuleTime>2019-12-09T09:40:36Z</ModuleTime>
      <ModuleName>System.Text.RegularExpressions</ModuleName>
      <Classes />
    </Module>
    <Module skippedDueTo="Filter" hash="03-77-DB-FC-14-D5-51-16-64-85-02-C3-8C-75-4C-BB-2E-67-53-7B">
      <ModulePath>C:\Program Files\dotnet\shared\Microsoft.NETCore.App\3.1.1\System.Threading.ThreadPool.dll</ModulePath>
      <ModuleTime>2019-12-09T09:40:26Z</ModuleTime>
      <ModuleName>System.Threading.ThreadPool</ModuleName>
      <Classes />
    </Module>
    <Module skippedDueTo="Filter" hash="49-AA-09-7E-08-21-F3-64-A1-95-BC-6F-B6-DA-5F-6A-14-4F-DC-60">
      <ModulePath>C:\Program Files\dotnet\shared\Microsoft.NETCore.App\3.1.1\System.Collections.NonGeneric.dll</ModulePath>
      <ModuleTime>2019-12-09T09:39:56Z</ModuleTime>
      <ModuleName>System.Collections.NonGeneric</ModuleName>
      <Classes />
    </Module>
  </Modules>
</CoverageSession>